{"/Users/wuyueyan/team-code-cruise/backend/src/ad/discount.service.ts": {"path":"/Users/wuyueyan/team-code-cruise/backend/src/ad/discount.service.ts","statementMap":{"0":{"start":{"line":1,"column":0},"end":{"line":1,"column":43}},"1":{"start":{"line":2,"column":0},"end":{"line":2,"column":48}},"2":{"start":{"line":3,"column":0},"end":{"line":3,"column":null}},"3":{"start":{"line":8,"column":21},"end":{"line":8,"column":35}},"4":{"start":{"line":9,"column":20},"end":{"line":9,"column":22}},"5":{"start":{"line":10,"column":20},"end":{"line":10,"column":22}},"6":{"start":{"line":23,"column":4},"end":{"line":25,"column":5}},"7":{"start":{"line":24,"column":6},"end":{"line":24,"column":null}},"8":{"start":{"line":26,"column":15},"end":{"line":26,"column":29}},"9":{"start":{"line":27,"column":22},"end":{"line":27,"column":57}},"10":{"start":{"line":28,"column":18},"end":{"line":35,"column":6}},"11":{"start":{"line":36,"column":4},"end":{"line":36,"column":null}},"12":{"start":{"line":37,"column":4},"end":{"line":37,"column":null}},"13":{"start":{"line":45,"column":18},"end":{"line":45,"column":71}},"14":{"start":{"line":46,"column":4},"end":{"line":46,"column":null}},"15":{"start":{"line":46,"column":16},"end":{"line":46,"column":null}},"16":{"start":{"line":47,"column":4},"end":{"line":47,"column":null}},"17":{"start":{"line":47,"column":35},"end":{"line":47,"column":null}},"18":{"start":{"line":48,"column":4},"end":{"line":51,"column":5}},"19":{"start":{"line":49,"column":6},"end":{"line":49,"column":null}},"20":{"start":{"line":50,"column":6},"end":{"line":50,"column":null}},"21":{"start":{"line":52,"column":4},"end":{"line":54,"column":5}},"22":{"start":{"line":53,"column":6},"end":{"line":53,"column":null}},"23":{"start":{"line":55,"column":4},"end":{"line":58,"column":5}},"24":{"start":{"line":56,"column":6},"end":{"line":56,"column":null}},"25":{"start":{"line":57,"column":6},"end":{"line":57,"column":null}},"26":{"start":{"line":59,"column":4},"end":{"line":59,"column":null}},"27":{"start":{"line":67,"column":18},"end":{"line":67,"column":65}},"28":{"start":{"line":68,"column":4},"end":{"line":68,"column":null}},"29":{"start":{"line":68,"column":16},"end":{"line":68,"column":null}},"30":{"start":{"line":69,"column":4},"end":{"line":69,"column":null}},"31":{"start":{"line":69,"column":43},"end":{"line":69,"column":null}},"32":{"start":{"line":70,"column":4},"end":{"line":72,"column":5}},"33":{"start":{"line":71,"column":6},"end":{"line":71,"column":null}},"34":{"start":{"line":73,"column":4},"end":{"line":76,"column":5}},"35":{"start":{"line":74,"column":6},"end":{"line":74,"column":null}},"36":{"start":{"line":75,"column":6},"end":{"line":75,"column":null}},"37":{"start":{"line":77,"column":4},"end":{"line":79,"column":5}},"38":{"start":{"line":78,"column":6},"end":{"line":78,"column":null}},"39":{"start":{"line":80,"column":20},"end":{"line":83,"column":6}},"40":{"start":{"line":84,"column":4},"end":{"line":84,"column":null}},"41":{"start":{"line":85,"column":4},"end":{"line":85,"column":null}},"42":{"start":{"line":89,"column":4},"end":{"line":89,"column":null}},"43":{"start":{"line":17,"column":0},"end":{"line":17,"column":13}},"44":{"start":{"line":94,"column":14},"end":{"line":94,"column":32}},"45":{"start":{"line":95,"column":4},"end":{"line":95,"column":null}},"46":{"start":{"line":96,"column":2},"end":{"line":96,"column":null}},"47":{"start":{"line":99,"column":17},"end":{"line":99,"column":51}},"48":{"start":{"line":102,"column":15},"end":{"line":102,"column":25}},"49":{"start":{"line":103,"column":20},"end":{"line":103,"column":40}},"50":{"start":{"line":104,"column":20},"end":{"line":104,"column":36}},"51":{"start":{"line":105,"column":2},"end":{"line":105,"column":null}},"52":{"start":{"line":109,"column":14},"end":{"line":109,"column":18}},"53":{"start":{"line":110,"column":16},"end":{"line":110,"column":37}},"54":{"start":{"line":111,"column":2},"end":{"line":115,"column":3}},"55":{"start":{"line":111,"column":15},"end":{"line":111,"column":25}},"56":{"start":{"line":112,"column":16},"end":{"line":112,"column":26}},"57":{"start":{"line":113,"column":4},"end":{"line":113,"column":null}},"58":{"start":{"line":114,"column":4},"end":{"line":114,"column":null}},"59":{"start":{"line":116,"column":2},"end":{"line":116,"column":null}},"60":{"start":{"line":120,"column":16},"end":{"line":120,"column":37}},"61":{"start":{"line":121,"column":2},"end":{"line":124,"column":3}},"62":{"start":{"line":121,"column":15},"end":{"line":121,"column":16}},"63":{"start":{"line":122,"column":17},"end":{"line":122,"column":47}},"64":{"start":{"line":123,"column":4},"end":{"line":123,"column":null}},"65":{"start":{"line":125,"column":2},"end":{"line":125,"column":null}},"66":{"start":{"line":128,"column":13},"end":{"line":133,"column":null}}},"fnMap":{"0":{"name":"(anonymous_0)","decl":{"start":{"line":18,"column":2},"end":{"line":18,"column":8}},"loc":{"start":{"line":21,"column":19},"end":{"line":38,"column":3}}},"1":{"name":"(anonymous_1)","decl":{"start":{"line":40,"column":2},"end":{"line":40,"column":8}},"loc":{"start":{"line":43,"column":31},"end":{"line":60,"column":3}}},"2":{"name":"(anonymous_2)","decl":{"start":{"line":62,"column":2},"end":{"line":62,"column":8}},"loc":{"start":{"line":65,"column":31},"end":{"line":86,"column":3}}},"3":{"name":"(anonymous_3)","decl":{"start":{"line":88,"column":2},"end":{"line":88,"column":8}},"loc":{"start":{"line":88,"column":36},"end":{"line":90,"column":3}}},"4":{"name":"httpError","decl":{"start":{"line":93,"column":9},"end":{"line":93,"column":18}},"loc":{"start":{"line":93,"column":48},"end":{"line":97,"column":1}}},"5":{"name":"generateUlid","decl":{"start":{"line":101,"column":9},"end":{"line":101,"column":21}},"loc":{"start":{"line":101,"column":21},"end":{"line":106,"column":1}}},"6":{"name":"encodeTime","decl":{"start":{"line":108,"column":9},"end":{"line":108,"column":19}},"loc":{"start":{"line":108,"column":48},"end":{"line":117,"column":1}}},"7":{"name":"encodeRandom","decl":{"start":{"line":119,"column":9},"end":{"line":119,"column":21}},"loc":{"start":{"line":119,"column":36},"end":{"line":126,"column":1}}}},"branchMap":{"0":{"loc":{"start":{"line":23,"column":4},"end":{"line":25,"column":5}},"type":"if","locations":[{"start":{"line":23,"column":4},"end":{"line":25,"column":5}}]},"1":{"loc":{"start":{"line":23,"column":8},"end":{"line":23,"column":54}},"type":"binary-expr","locations":[{"start":{"line":23,"column":8},"end":{"line":23,"column":29}},{"start":{"line":23,"column":33},"end":{"line":23,"column":54}}]},"2":{"loc":{"start":{"line":43,"column":4},"end":{"line":43,"column":31}},"type":"default-arg","locations":[{"start":{"line":43,"column":29},"end":{"line":43,"column":31}}]},"3":{"loc":{"start":{"line":46,"column":4},"end":{"line":46,"column":null}},"type":"if","locations":[{"start":{"line":46,"column":4},"end":{"line":46,"column":null}}]},"4":{"loc":{"start":{"line":47,"column":4},"end":{"line":47,"column":null}},"type":"if","locations":[{"start":{"line":47,"column":4},"end":{"line":47,"column":null}}]},"5":{"loc":{"start":{"line":48,"column":4},"end":{"line":51,"column":5}},"type":"if","locations":[{"start":{"line":48,"column":4},"end":{"line":51,"column":5}}]},"6":{"loc":{"start":{"line":52,"column":4},"end":{"line":54,"column":5}},"type":"if","locations":[{"start":{"line":52,"column":4},"end":{"line":54,"column":5}}]},"7":{"loc":{"start":{"line":52,"column":8},"end":{"line":52,"column":69}},"type":"binary-expr","locations":[{"start":{"line":52,"column":8},"end":{"line":52,"column":19}},{"start":{"line":52,"column":23},"end":{"line":52,"column":36}},{"start":{"line":52,"column":40},"end":{"line":52,"column":69}}]},"8":{"loc":{"start":{"line":55,"column":4},"end":{"line":58,"column":5}},"type":"if","locations":[{"start":{"line":55,"column":4},"end":{"line":58,"column":5}}]},"9":{"loc":{"start":{"line":55,"column":8},"end":{"line":55,"column":37}},"type":"binary-expr","locations":[{"start":{"line":55,"column":8},"end":{"line":55,"column":19}},{"start":{"line":55,"column":23},"end":{"line":55,"column":37}}]},"10":{"loc":{"start":{"line":65,"column":4},"end":{"line":65,"column":31}},"type":"default-arg","locations":[{"start":{"line":65,"column":29},"end":{"line":65,"column":31}}]},"11":{"loc":{"start":{"line":68,"column":4},"end":{"line":68,"column":null}},"type":"if","locations":[{"start":{"line":68,"column":4},"end":{"line":68,"column":null}}]},"12":{"loc":{"start":{"line":69,"column":4},"end":{"line":69,"column":null}},"type":"if","locations":[{"start":{"line":69,"column":4},"end":{"line":69,"column":null}}]},"13":{"loc":{"start":{"line":70,"column":4},"end":{"line":72,"column":5}},"type":"if","locations":[{"start":{"line":70,"column":4},"end":{"line":72,"column":5}}]},"14":{"loc":{"start":{"line":70,"column":8},"end":{"line":70,"column":52}},"type":"binary-expr","locations":[{"start":{"line":70,"column":8},"end":{"line":70,"column":19}},{"start":{"line":70,"column":23},"end":{"line":70,"column":52}}]},"15":{"loc":{"start":{"line":73,"column":4},"end":{"line":76,"column":5}},"type":"if","locations":[{"start":{"line":73,"column":4},"end":{"line":76,"column":5}}]},"16":{"loc":{"start":{"line":77,"column":4},"end":{"line":79,"column":5}},"type":"if","locations":[{"start":{"line":77,"column":4},"end":{"line":79,"column":5}}]},"17":{"loc":{"start":{"line":77,"column":8},"end":{"line":77,"column":69}},"type":"binary-expr","locations":[{"start":{"line":77,"column":8},"end":{"line":77,"column":19}},{"start":{"line":77,"column":23},"end":{"line":77,"column":36}},{"start":{"line":77,"column":40},"end":{"line":77,"column":69}}]},"18":{"loc":{"start":{"line":93,"column":36},"end":{"line":93,"column":48}},"type":"default-arg","locations":[{"start":{"line":93,"column":45},"end":{"line":93,"column":48}}]}},"s":{"0":2,"1":2,"2":2,"3":2,"4":2,"5":2,"6":3,"7":2,"8":1,"9":1,"10":1,"11":1,"12":1,"13":4,"14":4,"15":0,"16":4,"17":1,"18":3,"19":1,"20":1,"21":2,"22":1,"23":1,"24":1,"25":1,"26":1,"27":4,"28":4,"29":0,"30":4,"31":0,"32":4,"33":1,"34":3,"35":1,"36":1,"37":2,"38":1,"39":1,"40":1,"41":1,"42":1,"43":2,"44":9,"45":9,"46":9,"47":2,"48":2,"49":2,"50":2,"51":2,"52":3,"53":3,"54":3,"55":3,"56":30,"57":30,"58":30,"59":3,"60":3,"61":3,"62":3,"63":35,"64":35,"65":3,"66":2},"f":{"0":3,"1":4,"2":4,"3":1,"4":9,"5":2,"6":3,"7":3},"b":{"0":[2],"1":[3,2],"2":[2],"3":[0],"4":[1],"5":[1],"6":[1],"7":[2,2,1],"8":[1],"9":[1,1],"10":[1],"11":[0],"12":[0],"13":[1],"14":[4,2],"15":[1],"16":[1],"17":[2,1,1],"18":[0]}}
,"/Users/wuyueyan/team-code-cruise/backend/src/core/ride.service.ts": {"path":"/Users/wuyueyan/team-code-cruise/backend/src/core/ride.service.ts","statementMap":{"0":{"start":{"line":1,"column":0},"end":{"line":1,"column":43}},"1":{"start":{"line":2,"column":0},"end":{"line":2,"column":59}},"2":{"start":{"line":3,"column":0},"end":{"line":3,"column":55}},"3":{"start":{"line":5,"column":0},"end":{"line":5,"column":63}},"4":{"start":{"line":6,"column":0},"end":{"line":6,"column":59}},"5":{"start":{"line":7,"column":0},"end":{"line":7,"column":61}},"6":{"start":{"line":10,"column":14},"end":{"line":10,"column":32}},"7":{"start":{"line":11,"column":4},"end":{"line":11,"column":null}},"8":{"start":{"line":12,"column":2},"end":{"line":12,"column":null}},"9":{"start":{"line":16,"column":14},"end":{"line":16,"column":36}},"10":{"start":{"line":17,"column":4},"end":{"line":17,"column":null}},"11":{"start":{"line":18,"column":2},"end":{"line":18,"column":null}},"12":{"start":{"line":29,"column":18},"end":{"line":29,"column":53}},"13":{"start":{"line":30,"column":4},"end":{"line":30,"column":null}},"14":{"start":{"line":30,"column":16},"end":{"line":30,"column":null}},"15":{"start":{"line":31,"column":4},"end":{"line":31,"column":null}},"16":{"start":{"line":31,"column":48},"end":{"line":31,"column":null}},"17":{"start":{"line":32,"column":4},"end":{"line":32,"column":null}},"18":{"start":{"line":32,"column":58},"end":{"line":32,"column":null}},"19":{"start":{"line":35,"column":20},"end":{"line":35,"column":26}},"20":{"start":{"line":37,"column":6},"end":{"line":40,"column":57}},"21":{"start":{"line":41,"column":4},"end":{"line":41,"column":null}},"22":{"start":{"line":41,"column":22},"end":{"line":41,"column":null}},"23":{"start":{"line":43,"column":25},"end":{"line":43,"column":54}},"24":{"start":{"line":44,"column":28},"end":{"line":44,"column":49}},"25":{"start":{"line":46,"column":4},"end":{"line":48,"column":5}},"26":{"start":{"line":47,"column":6},"end":{"line":47,"column":null}},"27":{"start":{"line":49,"column":4},"end":{"line":51,"column":5}},"28":{"start":{"line":50,"column":6},"end":{"line":50,"column":null}},"29":{"start":{"line":52,"column":4},"end":{"line":54,"column":5}},"30":{"start":{"line":53,"column":6},"end":{"line":53,"column":null}},"31":{"start":{"line":56,"column":26},"end":{"line":56,"column":55}},"32":{"start":{"line":57,"column":27},"end":{"line":57,"column":57}},"33":{"start":{"line":59,"column":4},"end":{"line":68,"column":5}},"34":{"start":{"line":60,"column":20},"end":{"line":62,"column":8}},"35":{"start":{"line":63,"column":6},"end":{"line":63,"column":null}},"36":{"start":{"line":64,"column":6},"end":{"line":67,"column":7}},"37":{"start":{"line":65,"column":47},"end":{"line":65,"column":104}},"38":{"start":{"line":66,"column":8},"end":{"line":66,"column":null}},"39":{"start":{"line":70,"column":23},"end":{"line":70,"column":55}},"40":{"start":{"line":72,"column":17},"end":{"line":82,"column":6}},"41":{"start":{"line":84,"column":4},"end":{"line":89,"column":5}},"42":{"start":{"line":85,"column":6},"end":{"line":88,"column":null}},"43":{"start":{"line":91,"column":4},"end":{"line":91,"column":null}},"44":{"start":{"line":92,"column":4},"end":{"line":92,"column":null}},"45":{"start":{"line":96,"column":17},"end":{"line":96,"column":50}},"46":{"start":{"line":97,"column":4},"end":{"line":97,"column":null}},"47":{"start":{"line":97,"column":15},"end":{"line":97,"column":null}},"48":{"start":{"line":98,"column":4},"end":{"line":98,"column":null}},"49":{"start":{"line":98,"column":38},"end":{"line":98,"column":null}},"50":{"start":{"line":99,"column":4},"end":{"line":99,"column":null}},"51":{"start":{"line":103,"column":17},"end":{"line":103,"column":52}},"52":{"start":{"line":104,"column":4},"end":{"line":104,"column":null}},"53":{"start":{"line":104,"column":46},"end":{"line":104,"column":null}},"54":{"start":{"line":105,"column":4},"end":{"line":105,"column":null}},"55":{"start":{"line":105,"column":46},"end":{"line":105,"column":null}},"56":{"start":{"line":106,"column":20},"end":{"line":106,"column":90}},"57":{"start":{"line":107,"column":4},"end":{"line":107,"column":null}},"58":{"start":{"line":107,"column":26},"end":{"line":107,"column":null}},"59":{"start":{"line":108,"column":4},"end":{"line":108,"column":null}},"60":{"start":{"line":112,"column":4},"end":{"line":112,"column":null}},"61":{"start":{"line":116,"column":17},"end":{"line":116,"column":50}},"62":{"start":{"line":117,"column":4},"end":{"line":117,"column":null}},"63":{"start":{"line":117,"column":15},"end":{"line":117,"column":null}},"64":{"start":{"line":118,"column":4},"end":{"line":118,"column":null}},"65":{"start":{"line":118,"column":36},"end":{"line":118,"column":null}},"66":{"start":{"line":119,"column":4},"end":{"line":119,"column":null}},"67":{"start":{"line":123,"column":17},"end":{"line":123,"column":52}},"68":{"start":{"line":124,"column":20},"end":{"line":127,"column":6}},"69":{"start":{"line":128,"column":4},"end":{"line":128,"column":null}},"70":{"start":{"line":128,"column":26},"end":{"line":128,"column":null}},"71":{"start":{"line":129,"column":4},"end":{"line":129,"column":null}},"72":{"start":{"line":21,"column":0},"end":{"line":21,"column":13}}},"fnMap":{"0":{"name":"badRequest","decl":{"start":{"line":9,"column":9},"end":{"line":9,"column":19}},"loc":{"start":{"line":9,"column":35},"end":{"line":13,"column":1}}},"1":{"name":"forbidden","decl":{"start":{"line":15,"column":9},"end":{"line":15,"column":18}},"loc":{"start":{"line":15,"column":18},"end":{"line":19,"column":1}}},"2":{"name":"(anonymous_2)","decl":{"start":{"line":22,"column":2},"end":{"line":22,"column":8}},"loc":{"start":{"line":28,"column":3},"end":{"line":93,"column":3}}},"3":{"name":"(anonymous_3)","decl":{"start":{"line":95,"column":2},"end":{"line":95,"column":8}},"loc":{"start":{"line":95,"column":54},"end":{"line":100,"column":3}}},"4":{"name":"(anonymous_4)","decl":{"start":{"line":102,"column":2},"end":{"line":102,"column":8}},"loc":{"start":{"line":102,"column":57},"end":{"line":109,"column":3}}},"5":{"name":"(anonymous_5)","decl":{"start":{"line":111,"column":2},"end":{"line":111,"column":8}},"loc":{"start":{"line":111,"column":62},"end":{"line":113,"column":3}}},"6":{"name":"(anonymous_6)","decl":{"start":{"line":115,"column":2},"end":{"line":115,"column":8}},"loc":{"start":{"line":115,"column":53},"end":{"line":120,"column":3}}},"7":{"name":"(anonymous_7)","decl":{"start":{"line":122,"column":2},"end":{"line":122,"column":8}},"loc":{"start":{"line":122,"column":59},"end":{"line":130,"column":3}}}},"branchMap":{"0":{"loc":{"start":{"line":30,"column":4},"end":{"line":30,"column":null}},"type":"if","locations":[{"start":{"line":30,"column":4},"end":{"line":30,"column":null}}]},"1":{"loc":{"start":{"line":31,"column":4},"end":{"line":31,"column":null}},"type":"if","locations":[{"start":{"line":31,"column":4},"end":{"line":31,"column":null}}]},"2":{"loc":{"start":{"line":32,"column":4},"end":{"line":32,"column":null}},"type":"if","locations":[{"start":{"line":32,"column":4},"end":{"line":32,"column":null}}]},"3":{"loc":{"start":{"line":32,"column":8},"end":{"line":32,"column":56}},"type":"binary-expr","locations":[{"start":{"line":32,"column":8},"end":{"line":32,"column":21}},{"start":{"line":32,"column":25},"end":{"line":32,"column":56}}]},"4":{"loc":{"start":{"line":37,"column":6},"end":{"line":40,"column":57}},"type":"binary-expr","locations":[{"start":{"line":37,"column":6},"end":{"line":37,"column":61}},{"start":{"line":38,"column":6},"end":{"line":38,"column":61}},{"start":{"line":39,"column":6},"end":{"line":39,"column":57}},{"start":{"line":40,"column":6},"end":{"line":40,"column":57}}]},"5":{"loc":{"start":{"line":41,"column":4},"end":{"line":41,"column":null}},"type":"if","locations":[{"start":{"line":41,"column":4},"end":{"line":41,"column":null}}]},"6":{"loc":{"start":{"line":43,"column":25},"end":{"line":43,"column":54}},"type":"binary-expr","locations":[{"start":{"line":43,"column":25},"end":{"line":43,"column":46}},{"start":{"line":43,"column":50},"end":{"line":43,"column":54}}]},"7":{"loc":{"start":{"line":44,"column":28},"end":{"line":44,"column":49}},"type":"binary-expr","locations":[{"start":{"line":44,"column":28},"end":{"line":44,"column":41}},{"start":{"line":44,"column":45},"end":{"line":44,"column":49}}]},"8":{"loc":{"start":{"line":46,"column":4},"end":{"line":48,"column":5}},"type":"if","locations":[{"start":{"line":46,"column":4},"end":{"line":48,"column":5}}]},"9":{"loc":{"start":{"line":46,"column":8},"end":{"line":46,"column":40}},"type":"binary-expr","locations":[{"start":{"line":46,"column":8},"end":{"line":46,"column":20}},{"start":{"line":46,"column":24},"end":{"line":46,"column":40}}]},"10":{"loc":{"start":{"line":49,"column":4},"end":{"line":51,"column":5}},"type":"if","locations":[{"start":{"line":49,"column":4},"end":{"line":51,"column":5}}]},"11":{"loc":{"start":{"line":49,"column":8},"end":{"line":49,"column":75}},"type":"binary-expr","locations":[{"start":{"line":49,"column":8},"end":{"line":49,"column":20}},{"start":{"line":49,"column":24},"end":{"line":49,"column":39}},{"start":{"line":49,"column":43},"end":{"line":49,"column":75}}]},"12":{"loc":{"start":{"line":52,"column":4},"end":{"line":54,"column":5}},"type":"if","locations":[{"start":{"line":52,"column":4},"end":{"line":54,"column":5}}]},"13":{"loc":{"start":{"line":52,"column":8},"end":{"line":52,"column":40}},"type":"binary-expr","locations":[{"start":{"line":52,"column":8},"end":{"line":52,"column":21}},{"start":{"line":52,"column":25},"end":{"line":52,"column":40}}]},"14":{"loc":{"start":{"line":56,"column":26},"end":{"line":56,"column":55}},"type":"binary-expr","locations":[{"start":{"line":56,"column":26},"end":{"line":56,"column":47}},{"start":{"line":56,"column":51},"end":{"line":56,"column":55}}]},"15":{"loc":{"start":{"line":57,"column":27},"end":{"line":57,"column":57}},"type":"binary-expr","locations":[{"start":{"line":57,"column":27},"end":{"line":57,"column":49}},{"start":{"line":57,"column":53},"end":{"line":57,"column":57}}]},"16":{"loc":{"start":{"line":59,"column":4},"end":{"line":68,"column":5}},"type":"if","locations":[{"start":{"line":59,"column":4},"end":{"line":68,"column":5}}]},"17":{"loc":{"start":{"line":64,"column":6},"end":{"line":67,"column":7}},"type":"if","locations":[{"start":{"line":64,"column":6},"end":{"line":67,"column":7}}]},"18":{"loc":{"start":{"line":70,"column":23},"end":{"line":70,"column":55}},"type":"binary-expr","locations":[{"start":{"line":70,"column":23},"end":{"line":70,"column":39}},{"start":{"line":70,"column":43},"end":{"line":70,"column":55}}]},"19":{"loc":{"start":{"line":84,"column":4},"end":{"line":89,"column":5}},"type":"if","locations":[{"start":{"line":84,"column":4},"end":{"line":89,"column":5}}]},"20":{"loc":{"start":{"line":97,"column":4},"end":{"line":97,"column":null}},"type":"if","locations":[{"start":{"line":97,"column":4},"end":{"line":97,"column":null}}]},"21":{"loc":{"start":{"line":98,"column":4},"end":{"line":98,"column":null}},"type":"if","locations":[{"start":{"line":98,"column":4},"end":{"line":98,"column":null}}]},"22":{"loc":{"start":{"line":104,"column":4},"end":{"line":104,"column":null}},"type":"if","locations":[{"start":{"line":104,"column":4},"end":{"line":104,"column":null}}]},"23":{"loc":{"start":{"line":105,"column":4},"end":{"line":105,"column":null}},"type":"if","locations":[{"start":{"line":105,"column":4},"end":{"line":105,"column":null}}]},"24":{"loc":{"start":{"line":107,"column":4},"end":{"line":107,"column":null}},"type":"if","locations":[{"start":{"line":107,"column":4},"end":{"line":107,"column":null}}]},"25":{"loc":{"start":{"line":117,"column":4},"end":{"line":117,"column":null}},"type":"if","locations":[{"start":{"line":117,"column":4},"end":{"line":117,"column":null}}]},"26":{"loc":{"start":{"line":118,"column":4},"end":{"line":118,"column":null}},"type":"if","locations":[{"start":{"line":118,"column":4},"end":{"line":118,"column":null}}]},"27":{"loc":{"start":{"line":128,"column":4},"end":{"line":128,"column":null}},"type":"if","locations":[{"start":{"line":128,"column":4},"end":{"line":128,"column":null}}]}},"s":{"0":1,"1":1,"2":1,"3":1,"4":1,"5":1,"6":5,"7":5,"8":5,"9":2,"10":2,"11":2,"12":13,"13":13,"14":1,"15":12,"16":0,"17":12,"18":0,"19":12,"20":12,"21":12,"22":1,"23":11,"24":11,"25":11,"26":1,"27":10,"28":1,"29":9,"30":1,"31":8,"32":8,"33":8,"34":1,"35":1,"36":1,"37":1,"38":1,"39":8,"40":8,"41":8,"42":1,"43":8,"44":8,"45":4,"46":4,"47":0,"48":4,"49":1,"50":3,"51":1,"52":1,"53":0,"54":1,"55":0,"56":1,"57":1,"58":1,"59":1,"60":1,"61":2,"62":2,"63":0,"64":2,"65":1,"66":1,"67":1,"68":1,"69":1,"70":1,"71":1,"72":1},"f":{"0":5,"1":2,"2":13,"3":4,"4":1,"5":1,"6":2,"7":1},"b":{"0":[1],"1":[0],"2":[0],"3":[12,12],"4":[12,12,12,11],"5":[1],"6":[11,8],"7":[11,8],"8":[1],"9":[11,3],"10":[1],"11":[10,2,2],"12":[1],"13":[9,8],"14":[8,8],"15":[8,8],"16":[1],"17":[1],"18":[8,7],"19":[1],"20":[0],"21":[1],"22":[0],"23":[0],"24":[1],"25":[0],"26":[1],"27":[1]}}
,"/Users/wuyueyan/team-code-cruise/backend/src/repo/discountToken.repository.ts": {"path":"/Users/wuyueyan/team-code-cruise/backend/src/repo/discountToken.repository.ts","statementMap":{"0":{"start":{"line":1,"column":0},"end":{"line":1,"column":43}},"1":{"start":{"line":2,"column":0},"end":{"line":2,"column":47}},"2":{"start":{"line":3,"column":0},"end":{"line":3,"column":75}},"3":{"start":{"line":4,"column":0},"end":{"line":4,"column":60}},"4":{"start":{"line":41,"column":57},"end":{"line":87,"column":null}},"5":{"start":{"line":43,"column":18},"end":{"line":52,"column":6}},"6":{"start":{"line":53,"column":4},"end":{"line":53,"column":null}},"7":{"start":{"line":57,"column":18},"end":{"line":57,"column":74}},"8":{"start":{"line":58,"column":4},"end":{"line":58,"column":null}},"9":{"start":{"line":62,"column":18},"end":{"line":62,"column":74}},"10":{"start":{"line":63,"column":4},"end":{"line":63,"column":null}},"11":{"start":{"line":63,"column":16},"end":{"line":63,"column":null}},"12":{"start":{"line":64,"column":4},"end":{"line":64,"column":null}},"13":{"start":{"line":64,"column":43},"end":{"line":64,"column":null}},"14":{"start":{"line":65,"column":4},"end":{"line":71,"column":5}},"15":{"start":{"line":66,"column":6},"end":{"line":69,"column":null}},"16":{"start":{"line":70,"column":6},"end":{"line":70,"column":null}},"17":{"start":{"line":72,"column":4},"end":{"line":72,"column":null}},"18":{"start":{"line":76,"column":18},"end":{"line":84,"column":6}},"19":{"start":{"line":85,"column":4},"end":{"line":85,"column":null}},"20":{"start":{"line":89,"column":57},"end":{"line":139,"column":null}},"21":{"start":{"line":91,"column":15},"end":{"line":91,"column":28}},"22":{"start":{"line":92,"column":39},"end":{"line":102,"column":null}},"23":{"start":{"line":103,"column":4},"end":{"line":103,"column":null}},"24":{"start":{"line":104,"column":4},"end":{"line":104,"column":null}},"25":{"start":{"line":108,"column":15},"end":{"line":108,"column":28}},"26":{"start":{"line":109,"column":18},"end":{"line":109,"column":43}},"27":{"start":{"line":110,"column":4},"end":{"line":110,"column":null}},"28":{"start":{"line":114,"column":15},"end":{"line":114,"column":28}},"29":{"start":{"line":115,"column":18},"end":{"line":115,"column":43}},"30":{"start":{"line":116,"column":4},"end":{"line":116,"column":null}},"31":{"start":{"line":116,"column":16},"end":{"line":116,"column":null}},"32":{"start":{"line":117,"column":4},"end":{"line":117,"column":null}},"33":{"start":{"line":117,"column":34},"end":{"line":117,"column":null}},"34":{"start":{"line":118,"column":4},"end":{"line":121,"column":5}},"35":{"start":{"line":119,"column":6},"end":{"line":119,"column":null}},"36":{"start":{"line":120,"column":6},"end":{"line":120,"column":null}},"37":{"start":{"line":122,"column":4},"end":{"line":122,"column":null}},"38":{"start":{"line":126,"column":15},"end":{"line":126,"column":28}},"39":{"start":{"line":127,"column":18},"end":{"line":127,"column":43}},"40":{"start":{"line":128,"column":4},"end":{"line":128,"column":null}},"41":{"start":{"line":128,"column":16},"end":{"line":128,"column":null}},"42":{"start":{"line":129,"column":41},"end":{"line":135,"column":null}},"43":{"start":{"line":136,"column":4},"end":{"line":136,"column":null}},"44":{"start":{"line":137,"column":4},"end":{"line":137,"column":null}},"45":{"start":{"line":142,"column":2},"end":{"line":152,"column":null}},"46":{"start":{"line":156,"column":2},"end":{"line":166,"column":null}},"47":{"start":{"line":169,"column":13},"end":{"line":171,"column":null}}},"fnMap":{"0":{"name":"(anonymous_0)","decl":{"start":{"line":42,"column":2},"end":{"line":42,"column":7}},"loc":{"start":{"line":42,"column":18},"end":{"line":54,"column":3}}},"1":{"name":"(anonymous_1)","decl":{"start":{"line":56,"column":2},"end":{"line":56,"column":7}},"loc":{"start":{"line":56,"column":19},"end":{"line":59,"column":3}}},"2":{"name":"(anonymous_2)","decl":{"start":{"line":61,"column":2},"end":{"line":61,"column":7}},"loc":{"start":{"line":61,"column":25},"end":{"line":73,"column":3}}},"3":{"name":"(anonymous_3)","decl":{"start":{"line":75,"column":2},"end":{"line":75,"column":7}},"loc":{"start":{"line":75,"column":24},"end":{"line":86,"column":3}}},"4":{"name":"(anonymous_4)","decl":{"start":{"line":90,"column":2},"end":{"line":90,"column":7}},"loc":{"start":{"line":90,"column":18},"end":{"line":105,"column":3}}},"5":{"name":"(anonymous_5)","decl":{"start":{"line":107,"column":2},"end":{"line":107,"column":7}},"loc":{"start":{"line":107,"column":19},"end":{"line":111,"column":3}}},"6":{"name":"(anonymous_6)","decl":{"start":{"line":113,"column":2},"end":{"line":113,"column":7}},"loc":{"start":{"line":113,"column":25},"end":{"line":123,"column":3}}},"7":{"name":"(anonymous_7)","decl":{"start":{"line":125,"column":2},"end":{"line":125,"column":7}},"loc":{"start":{"line":125,"column":24},"end":{"line":138,"column":3}}},"8":{"name":"mapPrismaToken","decl":{"start":{"line":141,"column":9},"end":{"line":141,"column":23}},"loc":{"start":{"line":141,"column":34},"end":{"line":153,"column":1}}},"9":{"name":"mapMemoryToken","decl":{"start":{"line":155,"column":9},"end":{"line":155,"column":23}},"loc":{"start":{"line":155,"column":50},"end":{"line":167,"column":1}}}},"branchMap":{"0":{"loc":{"start":{"line":58,"column":11},"end":{"line":58,"column":47}},"type":"cond-expr","locations":[{"start":{"line":58,"column":19},"end":{"line":58,"column":40}},{"start":{"line":58,"column":43},"end":{"line":58,"column":47}}]},"1":{"loc":{"start":{"line":63,"column":4},"end":{"line":63,"column":null}},"type":"if","locations":[{"start":{"line":63,"column":4},"end":{"line":63,"column":null}}]},"2":{"loc":{"start":{"line":64,"column":4},"end":{"line":64,"column":null}},"type":"if","locations":[{"start":{"line":64,"column":4},"end":{"line":64,"column":null}}]},"3":{"loc":{"start":{"line":65,"column":4},"end":{"line":71,"column":5}},"type":"if","locations":[{"start":{"line":65,"column":4},"end":{"line":71,"column":5}}]},"4":{"loc":{"start":{"line":110,"column":11},"end":{"line":110,"column":47}},"type":"cond-expr","locations":[{"start":{"line":110,"column":19},"end":{"line":110,"column":40}},{"start":{"line":110,"column":43},"end":{"line":110,"column":47}}]},"5":{"loc":{"start":{"line":116,"column":4},"end":{"line":116,"column":null}},"type":"if","locations":[{"start":{"line":116,"column":4},"end":{"line":116,"column":null}}]},"6":{"loc":{"start":{"line":117,"column":4},"end":{"line":117,"column":null}},"type":"if","locations":[{"start":{"line":117,"column":4},"end":{"line":117,"column":null}}]},"7":{"loc":{"start":{"line":118,"column":4},"end":{"line":121,"column":5}},"type":"if","locations":[{"start":{"line":118,"column":4},"end":{"line":121,"column":5}}]},"8":{"loc":{"start":{"line":128,"column":4},"end":{"line":128,"column":null}},"type":"if","locations":[{"start":{"line":128,"column":4},"end":{"line":128,"column":null}}]},"9":{"loc":{"start":{"line":131,"column":14},"end":{"line":131,"column":40}},"type":"binary-expr","locations":[{"start":{"line":131,"column":14},"end":{"line":131,"column":25}},{"start":{"line":131,"column":29},"end":{"line":131,"column":40}}]},"10":{"loc":{"start":{"line":132,"column":15},"end":{"line":132,"column":45}},"type":"binary-expr","locations":[{"start":{"line":132,"column":15},"end":{"line":132,"column":28}},{"start":{"line":132,"column":32},"end":{"line":132,"column":45}}]},"11":{"loc":{"start":{"line":133,"column":17},"end":{"line":133,"column":51}},"type":"binary-expr","locations":[{"start":{"line":133,"column":17},"end":{"line":133,"column":32}},{"start":{"line":133,"column":36},"end":{"line":133,"column":51}}]},"12":{"loc":{"start":{"line":134,"column":22},"end":{"line":134,"column":66}},"type":"binary-expr","locations":[{"start":{"line":134,"column":22},"end":{"line":134,"column":42}},{"start":{"line":134,"column":46},"end":{"line":134,"column":66}}]},"13":{"loc":{"start":{"line":169,"column":58},"end":{"line":171,"column":33}},"type":"cond-expr","locations":[{"start":{"line":170,"column":4},"end":{"line":170,"column":33}},{"start":{"line":171,"column":4},"end":{"line":171,"column":33}}]}},"s":{"0":2,"1":2,"2":2,"3":2,"4":2,"5":0,"6":0,"7":0,"8":0,"9":0,"10":0,"11":0,"12":0,"13":0,"14":0,"15":0,"16":0,"17":0,"18":0,"19":0,"20":2,"21":0,"22":0,"23":0,"24":0,"25":0,"26":0,"27":0,"28":0,"29":0,"30":0,"31":0,"32":0,"33":0,"34":0,"35":0,"36":0,"37":0,"38":0,"39":0,"40":0,"41":0,"42":0,"43":0,"44":0,"45":0,"46":0,"47":2},"f":{"0":0,"1":0,"2":0,"3":0,"4":0,"5":0,"6":0,"7":0,"8":0,"9":0},"b":{"0":[0,0],"1":[0],"2":[0],"3":[0],"4":[0,0],"5":[0],"6":[0],"7":[0],"8":[0],"9":[0,0],"10":[0,0],"11":[0,0],"12":[0,0],"13":[2,0]}}
,"/Users/wuyueyan/team-code-cruise/backend/src/repo/driver.repository.ts": {"path":"/Users/wuyueyan/team-code-cruise/backend/src/repo/driver.repository.ts","statementMap":{"0":{"start":{"line":1,"column":0},"end":{"line":1,"column":47}},"1":{"start":{"line":2,"column":0},"end":{"line":2,"column":54}},"2":{"start":{"line":3,"column":0},"end":{"line":3,"column":60}},"3":{"start":{"line":16,"column":25},"end":{"line":16,"column":58}},"4":{"start":{"line":19,"column":2},"end":{"line":19,"column":null}},"5":{"start":{"line":19,"column":22},"end":{"line":19,"column":null}},"6":{"start":{"line":20,"column":2},"end":{"line":20,"column":null}},"7":{"start":{"line":23,"column":43},"end":{"line":56,"column":null}},"8":{"start":{"line":25,"column":18},"end":{"line":25,"column":36}},"9":{"start":{"line":26,"column":16},"end":{"line":26,"column":68}},"10":{"start":{"line":27,"column":4},"end":{"line":27,"column":null}},"11":{"start":{"line":28,"column":4},"end":{"line":28,"column":null}},"12":{"start":{"line":32,"column":18},"end":{"line":32,"column":36}},"13":{"start":{"line":33,"column":16},"end":{"line":33,"column":68}},"14":{"start":{"line":34,"column":4},"end":{"line":34,"column":null}},"15":{"start":{"line":35,"column":4},"end":{"line":35,"column":null}},"16":{"start":{"line":36,"column":4},"end":{"line":36,"column":null}},"17":{"start":{"line":37,"column":4},"end":{"line":37,"column":null}},"18":{"start":{"line":41,"column":18},"end":{"line":41,"column":36}},"19":{"start":{"line":42,"column":20},"end":{"line":42,"column":52}},"20":{"start":{"line":43,"column":23},"end":{"line":48,"column":7}},"21":{"start":{"line":43,"column":43},"end":{"line":48,"column":6}},"22":{"start":{"line":49,"column":4},"end":{"line":49,"column":null}},"23":{"start":{"line":53,"column":19},"end":{"line":53,"column":78}},"24":{"start":{"line":54,"column":4},"end":{"line":54,"column":null}},"25":{"start":{"line":58,"column":43},"end":{"line":97,"column":null}},"26":{"start":{"line":60,"column":15},"end":{"line":60,"column":28}},"27":{"start":{"line":61,"column":16},"end":{"line":61,"column":81}},"28":{"start":{"line":62,"column":4},"end":{"line":62,"column":null}},"29":{"start":{"line":63,"column":4},"end":{"line":63,"column":null}},"30":{"start":{"line":67,"column":15},"end":{"line":67,"column":28}},"31":{"start":{"line":68,"column":16},"end":{"line":68,"column":81}},"32":{"start":{"line":69,"column":4},"end":{"line":69,"column":null}},"33":{"start":{"line":70,"column":4},"end":{"line":70,"column":null}},"34":{"start":{"line":71,"column":4},"end":{"line":71,"column":null}},"35":{"start":{"line":72,"column":4},"end":{"line":72,"column":null}},"36":{"start":{"line":76,"column":15},"end":{"line":76,"column":28}},"37":{"start":{"line":78,"column":20},"end":{"line":83,"column":7}},"38":{"start":{"line":78,"column":64},"end":{"line":83,"column":6}},"39":{"start":{"line":86,"column":21},"end":{"line":86,"column":64}},"40":{"start":{"line":87,"column":4},"end":{"line":88,"column":5}},"41":{"start":{"line":90,"column":4},"end":{"line":90,"column":null}},"42":{"start":{"line":94,"column":19},"end":{"line":94,"column":54}},"43":{"start":{"line":95,"column":4},"end":{"line":95,"column":null}},"44":{"start":{"line":100,"column":33},"end":{"line":100,"column":35}},"45":{"start":{"line":101,"column":2},"end":{"line":108,"column":3}},"46":{"start":{"line":102,"column":16},"end":{"line":102,"column":36}},"47":{"start":{"line":103,"column":4},"end":{"line":103,"column":40}},"48":{"start":{"line":103,"column":32},"end":{"line":103,"column":40}},"49":{"start":{"line":104,"column":15},"end":{"line":104,"column":35}},"50":{"start":{"line":105,"column":15},"end":{"line":105,"column":35}},"51":{"start":{"line":106,"column":17},"end":{"line":106,"column":51}},"52":{"start":{"line":107,"column":4},"end":{"line":107,"column":null}},"53":{"start":{"line":107,"column":26},"end":{"line":107,"column":null}},"54":{"start":{"line":109,"column":2},"end":{"line":109,"column":null}},"55":{"start":{"line":109,"column":24},"end":{"line":109,"column":39}},"56":{"start":{"line":110,"column":2},"end":{"line":110,"column":null}},"57":{"start":{"line":113,"column":13},"end":{"line":113,"column":null}}},"fnMap":{"0":{"name":"getLocationStore","decl":{"start":{"line":18,"column":9},"end":{"line":18,"column":25}},"loc":{"start":{"line":18,"column":25},"end":{"line":21,"column":1}}},"1":{"name":"(anonymous_1)","decl":{"start":{"line":24,"column":2},"end":{"line":24,"column":7}},"loc":{"start":{"line":24,"column":43},"end":{"line":29,"column":3}}},"2":{"name":"(anonymous_2)","decl":{"start":{"line":31,"column":2},"end":{"line":31,"column":7}},"loc":{"start":{"line":31,"column":47},"end":{"line":38,"column":3}}},"3":{"name":"(anonymous_3)","decl":{"start":{"line":40,"column":2},"end":{"line":40,"column":7}},"loc":{"start":{"line":40,"column":35},"end":{"line":50,"column":3}}},"4":{"name":"(anonymous_4)","decl":{"start":{"line":43,"column":35},"end":{"line":43,"column":36}},"loc":{"start":{"line":43,"column":43},"end":{"line":48,"column":6}}},"5":{"name":"(anonymous_5)","decl":{"start":{"line":52,"column":2},"end":{"line":52,"column":7}},"loc":{"start":{"line":52,"column":25},"end":{"line":55,"column":3}}},"6":{"name":"(anonymous_6)","decl":{"start":{"line":59,"column":2},"end":{"line":59,"column":7}},"loc":{"start":{"line":59,"column":43},"end":{"line":64,"column":3}}},"7":{"name":"(anonymous_7)","decl":{"start":{"line":66,"column":2},"end":{"line":66,"column":7}},"loc":{"start":{"line":66,"column":47},"end":{"line":73,"column":3}}},"8":{"name":"(anonymous_8)","decl":{"start":{"line":75,"column":2},"end":{"line":75,"column":7}},"loc":{"start":{"line":75,"column":35},"end":{"line":91,"column":3}}},"9":{"name":"(anonymous_9)","decl":{"start":{"line":78,"column":56},"end":{"line":78,"column":57}},"loc":{"start":{"line":78,"column":64},"end":{"line":83,"column":6}}},"10":{"name":"(anonymous_10)","decl":{"start":{"line":93,"column":2},"end":{"line":93,"column":7}},"loc":{"start":{"line":93,"column":25},"end":{"line":96,"column":3}}},"11":{"name":"computeNearby","decl":{"start":{"line":99,"column":9},"end":{"line":99,"column":22}},"loc":{"start":{"line":99,"column":138},"end":{"line":111,"column":1}}},"12":{"name":"(anonymous_12)","decl":{"start":{"line":109,"column":14},"end":{"line":109,"column":15}},"loc":{"start":{"line":109,"column":24},"end":{"line":109,"column":39}}}},"branchMap":{"0":{"loc":{"start":{"line":19,"column":2},"end":{"line":19,"column":null}},"type":"if","locations":[{"start":{"line":19,"column":2},"end":{"line":19,"column":null}}]},"1":{"loc":{"start":{"line":26,"column":16},"end":{"line":26,"column":68}},"type":"binary-expr","locations":[{"start":{"line":26,"column":16},"end":{"line":26,"column":35}},{"start":{"line":26,"column":39},"end":{"line":26,"column":68}}]},"2":{"loc":{"start":{"line":33,"column":16},"end":{"line":33,"column":68}},"type":"binary-expr","locations":[{"start":{"line":33,"column":16},"end":{"line":33,"column":35}},{"start":{"line":33,"column":39},"end":{"line":33,"column":68}}]},"3":{"loc":{"start":{"line":54,"column":11},"end":{"line":54,"column":117}},"type":"cond-expr","locations":[{"start":{"line":54,"column":20},"end":{"line":54,"column":110}},{"start":{"line":54,"column":113},"end":{"line":54,"column":117}}]},"4":{"loc":{"start":{"line":61,"column":16},"end":{"line":61,"column":81}},"type":"binary-expr","locations":[{"start":{"line":61,"column":16},"end":{"line":61,"column":48}},{"start":{"line":61,"column":52},"end":{"line":61,"column":81}}]},"5":{"loc":{"start":{"line":68,"column":16},"end":{"line":68,"column":81}},"type":"binary-expr","locations":[{"start":{"line":68,"column":16},"end":{"line":68,"column":48}},{"start":{"line":68,"column":52},"end":{"line":68,"column":81}}]},"6":{"loc":{"start":{"line":87,"column":4},"end":{"line":88,"column":5}},"type":"if","locations":[{"start":{"line":87,"column":4},"end":{"line":88,"column":5}}]},"7":{"loc":{"start":{"line":95,"column":11},"end":{"line":95,"column":109}},"type":"cond-expr","locations":[{"start":{"line":95,"column":20},"end":{"line":95,"column":102}},{"start":{"line":95,"column":105},"end":{"line":95,"column":109}}]},"8":{"loc":{"start":{"line":103,"column":4},"end":{"line":103,"column":40}},"type":"if","locations":[{"start":{"line":103,"column":4},"end":{"line":103,"column":40}}]},"9":{"loc":{"start":{"line":103,"column":8},"end":{"line":103,"column":30}},"type":"binary-expr","locations":[{"start":{"line":103,"column":8},"end":{"line":103,"column":12}},{"start":{"line":103,"column":16},"end":{"line":103,"column":30}}]},"10":{"loc":{"start":{"line":107,"column":4},"end":{"line":107,"column":null}},"type":"if","locations":[{"start":{"line":107,"column":4},"end":{"line":107,"column":null}}]},"11":{"loc":{"start":{"line":113,"column":44},"end":{"line":113,"column":108}},"type":"cond-expr","locations":[{"start":{"line":113,"column":61},"end":{"line":113,"column":83}},{"start":{"line":113,"column":86},"end":{"line":113,"column":108}}]}},"s":{"0":1,"1":1,"2":1,"3":1,"4":0,"5":0,"6":0,"7":1,"8":0,"9":0,"10":0,"11":0,"12":0,"13":0,"14":0,"15":0,"16":0,"17":0,"18":0,"19":0,"20":0,"21":0,"22":0,"23":0,"24":0,"25":1,"26":2,"27":2,"28":2,"29":2,"30":0,"31":0,"32":0,"33":0,"34":0,"35":0,"36":0,"37":0,"38":0,"39":0,"40":0,"41":0,"42":0,"43":0,"44":0,"45":0,"46":0,"47":0,"48":0,"49":0,"50":0,"51":0,"52":0,"53":0,"54":0,"55":0,"56":0,"57":1},"f":{"0":0,"1":0,"2":0,"3":0,"4":0,"5":0,"6":2,"7":0,"8":0,"9":0,"10":0,"11":0,"12":0},"b":{"0":[0],"1":[0,0],"2":[0,0],"3":[0,0],"4":[2,0],"5":[0,0],"6":[0],"7":[0,0],"8":[0],"9":[0,0],"10":[0],"11":[1,0]}}
,"/Users/wuyueyan/team-code-cruise/backend/src/repo/ride.repository.ts": {"path":"/Users/wuyueyan/team-code-cruise/backend/src/repo/ride.repository.ts","statementMap":{"0":{"start":{"line":1,"column":0},"end":{"line":1,"column":40}},"1":{"start":{"line":2,"column":0},"end":{"line":2,"column":51}},"2":{"start":{"line":3,"column":0},"end":{"line":3,"column":47}},"3":{"start":{"line":5,"column":0},"end":{"line":5,"column":66}},"4":{"start":{"line":6,"column":0},"end":{"line":6,"column":60}},"5":{"start":{"line":85,"column":39},"end":{"line":216,"column":null}},"6":{"start":{"line":87,"column":17},"end":{"line":122,"column":null}},"7":{"start":{"line":123,"column":4},"end":{"line":123,"column":null}},"8":{"start":{"line":127,"column":17},"end":{"line":169,"column":null}},"9":{"start":{"line":170,"column":4},"end":{"line":170,"column":null}},"10":{"start":{"line":170,"column":27},"end":{"line":170,"column":null}},"11":{"start":{"line":171,"column":4},"end":{"line":171,"column":null}},"12":{"start":{"line":175,"column":4},"end":{"line":178,"column":null}},"13":{"start":{"line":179,"column":17},"end":{"line":179,"column":40}},"14":{"start":{"line":180,"column":4},"end":{"line":180,"column":null}},"15":{"start":{"line":180,"column":15},"end":{"line":180,"column":null}},"16":{"start":{"line":181,"column":4},"end":{"line":181,"column":null}},"17":{"start":{"line":185,"column":17},"end":{"line":212,"column":null}},"18":{"start":{"line":213,"column":4},"end":{"line":213,"column":null}},"19":{"start":{"line":213,"column":27},"end":{"line":213,"column":null}},"20":{"start":{"line":214,"column":4},"end":{"line":214,"column":null}},"21":{"start":{"line":218,"column":39},"end":{"line":275,"column":null}},"22":{"start":{"line":220,"column":15},"end":{"line":220,"column":28}},"23":{"start":{"line":221,"column":16},"end":{"line":221,"column":26}},"24":{"start":{"line":222,"column":29},"end":{"line":239,"column":null}},"25":{"start":{"line":240,"column":4},"end":{"line":240,"column":null}},"26":{"start":{"line":241,"column":4},"end":{"line":241,"column":null}},"27":{"start":{"line":245,"column":15},"end":{"line":245,"column":28}},"28":{"start":{"line":246,"column":17},"end":{"line":246,"column":33}},"29":{"start":{"line":247,"column":4},"end":{"line":247,"column":null}},"30":{"start":{"line":251,"column":15},"end":{"line":251,"column":28}},"31":{"start":{"line":252,"column":17},"end":{"line":252,"column":33}},"32":{"start":{"line":253,"column":4},"end":{"line":253,"column":null}},"33":{"start":{"line":253,"column":15},"end":{"line":253,"column":null}},"34":{"start":{"line":254,"column":4},"end":{"line":258,"column":null}},"35":{"start":{"line":259,"column":4},"end":{"line":259,"column":null}},"36":{"start":{"line":263,"column":15},"end":{"line":263,"column":28}},"37":{"start":{"line":264,"column":27},"end":{"line":268,"column":6}},"38":{"start":{"line":269,"column":18},"end":{"line":271,"column":68}},"39":{"start":{"line":270,"column":21},"end":{"line":270,"column":76}},"40":{"start":{"line":271,"column":22},"end":{"line":271,"column":67}},"41":{"start":{"line":272,"column":17},"end":{"line":272,"column":25}},"42":{"start":{"line":273,"column":4},"end":{"line":273,"column":null}},"43":{"start":{"line":278,"column":2},"end":{"line":317,"column":null}},"44":{"start":{"line":321,"column":13},"end":{"line":321,"column":26}},"45":{"start":{"line":322,"column":16},"end":{"line":322,"column":50}},"46":{"start":{"line":323,"column":17},"end":{"line":323,"column":77}},"47":{"start":{"line":324,"column":24},"end":{"line":324,"column":104}},"48":{"start":{"line":324,"column":75},"end":{"line":324,"column":95}},"49":{"start":{"line":327,"column":18},"end":{"line":327,"column":86}},"50":{"start":{"line":328,"column":25},"end":{"line":328,"column":93}},"51":{"start":{"line":330,"column":2},"end":{"line":378,"column":null}},"52":{"start":{"line":381,"column":13},"end":{"line":381,"column":null}}},"fnMap":{"0":{"name":"(anonymous_0)","decl":{"start":{"line":86,"column":2},"end":{"line":86,"column":7}},"loc":{"start":{"line":86,"column":18},"end":{"line":124,"column":3}}},"1":{"name":"(anonymous_1)","decl":{"start":{"line":126,"column":2},"end":{"line":126,"column":7}},"loc":{"start":{"line":126,"column":19},"end":{"line":172,"column":3}}},"2":{"name":"(anonymous_2)","decl":{"start":{"line":174,"column":2},"end":{"line":174,"column":7}},"loc":{"start":{"line":174,"column":24},"end":{"line":182,"column":3}}},"3":{"name":"(anonymous_3)","decl":{"start":{"line":184,"column":2},"end":{"line":184,"column":7}},"loc":{"start":{"line":184,"column":35},"end":{"line":215,"column":3}}},"4":{"name":"(anonymous_4)","decl":{"start":{"line":219,"column":2},"end":{"line":219,"column":7}},"loc":{"start":{"line":219,"column":18},"end":{"line":242,"column":3}}},"5":{"name":"(anonymous_5)","decl":{"start":{"line":244,"column":2},"end":{"line":244,"column":7}},"loc":{"start":{"line":244,"column":19},"end":{"line":248,"column":3}}},"6":{"name":"(anonymous_6)","decl":{"start":{"line":250,"column":2},"end":{"line":250,"column":7}},"loc":{"start":{"line":250,"column":24},"end":{"line":260,"column":3}}},"7":{"name":"(anonymous_7)","decl":{"start":{"line":262,"column":2},"end":{"line":262,"column":7}},"loc":{"start":{"line":262,"column":35},"end":{"line":274,"column":3}}},"8":{"name":"(anonymous_8)","decl":{"start":{"line":270,"column":14},"end":{"line":270,"column":15}},"loc":{"start":{"line":270,"column":21},"end":{"line":270,"column":76}}},"9":{"name":"(anonymous_9)","decl":{"start":{"line":271,"column":12},"end":{"line":271,"column":13}},"loc":{"start":{"line":271,"column":22},"end":{"line":271,"column":67}}},"10":{"name":"mapPrismaRide","decl":{"start":{"line":277,"column":9},"end":{"line":277,"column":22}},"loc":{"start":{"line":277,"column":35},"end":{"line":318,"column":1}}},"11":{"name":"mapMemoryRide","decl":{"start":{"line":320,"column":9},"end":{"line":320,"column":22}},"loc":{"start":{"line":320,"column":39},"end":{"line":379,"column":1}}},"12":{"name":"(anonymous_12)","decl":{"start":{"line":324,"column":68},"end":{"line":324,"column":69}},"loc":{"start":{"line":324,"column":75},"end":{"line":324,"column":95}}}},"branchMap":{"0":{"loc":{"start":{"line":97,"column":10},"end":{"line":97,"column":39}},"type":"binary-expr","locations":[{"start":{"line":97,"column":10},"end":{"line":97,"column":31}},{"start":{"line":97,"column":35},"end":{"line":97,"column":39}}]},"1":{"loc":{"start":{"line":98,"column":10},"end":{"line":98,"column":40}},"type":"binary-expr","locations":[{"start":{"line":98,"column":10},"end":{"line":98,"column":32}},{"start":{"line":98,"column":36},"end":{"line":98,"column":40}}]},"2":{"loc":{"start":{"line":99,"column":10},"end":{"line":99,"column":39}},"type":"binary-expr","locations":[{"start":{"line":99,"column":10},"end":{"line":99,"column":31}},{"start":{"line":99,"column":35},"end":{"line":99,"column":39}}]},"3":{"loc":{"start":{"line":170,"column":4},"end":{"line":170,"column":null}},"type":"if","locations":[{"start":{"line":170,"column":4},"end":{"line":170,"column":null}}]},"4":{"loc":{"start":{"line":180,"column":4},"end":{"line":180,"column":null}},"type":"if","locations":[{"start":{"line":180,"column":4},"end":{"line":180,"column":null}}]},"5":{"loc":{"start":{"line":213,"column":4},"end":{"line":213,"column":null}},"type":"if","locations":[{"start":{"line":213,"column":4},"end":{"line":213,"column":null}}]},"6":{"loc":{"start":{"line":232,"column":23},"end":{"line":232,"column":52}},"type":"binary-expr","locations":[{"start":{"line":232,"column":23},"end":{"line":232,"column":44}},{"start":{"line":232,"column":48},"end":{"line":232,"column":52}}]},"7":{"loc":{"start":{"line":233,"column":24},"end":{"line":233,"column":54}},"type":"binary-expr","locations":[{"start":{"line":233,"column":24},"end":{"line":233,"column":46}},{"start":{"line":233,"column":50},"end":{"line":233,"column":54}}]},"8":{"loc":{"start":{"line":234,"column":23},"end":{"line":234,"column":52}},"type":"binary-expr","locations":[{"start":{"line":234,"column":23},"end":{"line":234,"column":44}},{"start":{"line":234,"column":48},"end":{"line":234,"column":52}}]},"9":{"loc":{"start":{"line":247,"column":11},"end":{"line":247,"column":44}},"type":"cond-expr","locations":[{"start":{"line":247,"column":18},"end":{"line":247,"column":37}},{"start":{"line":247,"column":40},"end":{"line":247,"column":44}}]},"10":{"loc":{"start":{"line":253,"column":4},"end":{"line":253,"column":null}},"type":"if","locations":[{"start":{"line":253,"column":4},"end":{"line":253,"column":null}}]},"11":{"loc":{"start":{"line":270,"column":21},"end":{"line":270,"column":76}},"type":"binary-expr","locations":[{"start":{"line":270,"column":21},"end":{"line":270,"column":44}},{"start":{"line":270,"column":48},"end":{"line":270,"column":76}}]},"12":{"loc":{"start":{"line":273,"column":11},"end":{"line":273,"column":44}},"type":"cond-expr","locations":[{"start":{"line":273,"column":18},"end":{"line":273,"column":37}},{"start":{"line":273,"column":40},"end":{"line":273,"column":44}}]},"13":{"loc":{"start":{"line":294,"column":12},"end":{"line":301,"column":12}},"type":"cond-expr","locations":[{"start":{"line":295,"column":8},"end":{"line":300,"column":null}},{"start":{"line":301,"column":8},"end":{"line":301,"column":12}}]},"14":{"loc":{"start":{"line":298,"column":25},"end":{"line":298,"column":47}},"type":"binary-expr","locations":[{"start":{"line":298,"column":25},"end":{"line":298,"column":42}},{"start":{"line":298,"column":46},"end":{"line":298,"column":47}}]},"15":{"loc":{"start":{"line":299,"column":18},"end":{"line":299,"column":48}},"type":"binary-expr","locations":[{"start":{"line":299,"column":18},"end":{"line":299,"column":35}},{"start":{"line":299,"column":39},"end":{"line":299,"column":48}}]},"16":{"loc":{"start":{"line":302,"column":11},"end":{"line":309,"column":12}},"type":"cond-expr","locations":[{"start":{"line":303,"column":8},"end":{"line":308,"column":null}},{"start":{"line":309,"column":8},"end":{"line":309,"column":12}}]},"17":{"loc":{"start":{"line":307,"column":25},"end":{"line":307,"column":46}},"type":"binary-expr","locations":[{"start":{"line":307,"column":25},"end":{"line":307,"column":41}},{"start":{"line":307,"column":45},"end":{"line":307,"column":46}}]},"18":{"loc":{"start":{"line":310,"column":19},"end":{"line":316,"column":12}},"type":"cond-expr","locations":[{"start":{"line":311,"column":8},"end":{"line":315,"column":null}},{"start":{"line":316,"column":8},"end":{"line":316,"column":12}}]},"19":{"loc":{"start":{"line":322,"column":16},"end":{"line":322,"column":50}},"type":"binary-expr","locations":[{"start":{"line":322,"column":16},"end":{"line":322,"column":42}},{"start":{"line":322,"column":46},"end":{"line":322,"column":50}}]},"20":{"loc":{"start":{"line":323,"column":17},"end":{"line":323,"column":77}},"type":"cond-expr","locations":[{"start":{"line":323,"column":33},"end":{"line":323,"column":70}},{"start":{"line":323,"column":73},"end":{"line":323,"column":77}}]},"21":{"loc":{"start":{"line":323,"column":33},"end":{"line":323,"column":70}},"type":"binary-expr","locations":[{"start":{"line":323,"column":33},"end":{"line":323,"column":62}},{"start":{"line":323,"column":66},"end":{"line":323,"column":70}}]},"22":{"loc":{"start":{"line":324,"column":24},"end":{"line":324,"column":104}},"type":"binary-expr","locations":[{"start":{"line":324,"column":24},"end":{"line":324,"column":96}},{"start":{"line":324,"column":100},"end":{"line":324,"column":104}}]},"23":{"loc":{"start":{"line":327,"column":18},"end":{"line":327,"column":86}},"type":"cond-expr","locations":[{"start":{"line":327,"column":38},"end":{"line":327,"column":79}},{"start":{"line":327,"column":82},"end":{"line":327,"column":86}}]},"24":{"loc":{"start":{"line":327,"column":38},"end":{"line":327,"column":79}},"type":"binary-expr","locations":[{"start":{"line":327,"column":38},"end":{"line":327,"column":71}},{"start":{"line":327,"column":75},"end":{"line":327,"column":79}}]},"25":{"loc":{"start":{"line":328,"column":25},"end":{"line":328,"column":93}},"type":"cond-expr","locations":[{"start":{"line":328,"column":41},"end":{"line":328,"column":86}},{"start":{"line":328,"column":89},"end":{"line":328,"column":93}}]},"26":{"loc":{"start":{"line":328,"column":41},"end":{"line":328,"column":86}},"type":"binary-expr","locations":[{"start":{"line":328,"column":41},"end":{"line":328,"column":78}},{"start":{"line":328,"column":82},"end":{"line":328,"column":86}}]},"27":{"loc":{"start":{"line":346,"column":12},"end":{"line":362,"column":12}},"type":"cond-expr","locations":[{"start":{"line":347,"column":8},"end":{"line":361,"column":null}},{"start":{"line":362,"column":8},"end":{"line":362,"column":12}}]},"28":{"loc":{"start":{"line":352,"column":19},"end":{"line":358,"column":18}},"type":"cond-expr","locations":[{"start":{"line":352,"column":29},"end":{"line":358,"column":12}},{"start":{"line":358,"column":14},"end":{"line":358,"column":18}}]},"29":{"loc":{"start":{"line":360,"column":20},"end":{"line":360,"column":96}},"type":"cond-expr","locations":[{"start":{"line":360,"column":37},"end":{"line":360,"column":89}},{"start":{"line":360,"column":92},"end":{"line":360,"column":96}}]},"30":{"loc":{"start":{"line":363,"column":11},"end":{"line":370,"column":12}},"type":"cond-expr","locations":[{"start":{"line":364,"column":8},"end":{"line":369,"column":null}},{"start":{"line":370,"column":8},"end":{"line":370,"column":12}}]},"31":{"loc":{"start":{"line":371,"column":19},"end":{"line":377,"column":12}},"type":"cond-expr","locations":[{"start":{"line":372,"column":8},"end":{"line":376,"column":null}},{"start":{"line":377,"column":8},"end":{"line":377,"column":12}}]},"32":{"loc":{"start":{"line":381,"column":40},"end":{"line":381,"column":100}},"type":"cond-expr","locations":[{"start":{"line":381,"column":57},"end":{"line":381,"column":77}},{"start":{"line":381,"column":80},"end":{"line":381,"column":100}}]}},"s":{"0":1,"1":1,"2":1,"3":1,"4":1,"5":1,"6":0,"7":0,"8":0,"9":0,"10":0,"11":0,"12":0,"13":0,"14":0,"15":0,"16":0,"17":0,"18":0,"19":0,"20":0,"21":1,"22":8,"23":8,"24":8,"25":8,"26":8,"27":6,"28":6,"29":6,"30":4,"31":4,"32":4,"33":0,"34":4,"35":4,"36":0,"37":0,"38":0,"39":0,"40":0,"41":0,"42":0,"43":0,"44":18,"45":18,"46":18,"47":18,"48":0,"49":18,"50":18,"51":18,"52":1},"f":{"0":0,"1":0,"2":0,"3":0,"4":8,"5":6,"6":4,"7":0,"8":0,"9":0,"10":0,"11":18,"12":0},"b":{"0":[0,0],"1":[0,0],"2":[0,0],"3":[0],"4":[0],"5":[0],"6":[8,7],"7":[8,7],"8":[8,7],"9":[6,0],"10":[0],"11":[0,0],"12":[0,0],"13":[0,0],"14":[0,0],"15":[0,0],"16":[0,0],"17":[0,0],"18":[0,0],"19":[18,0],"20":[7,11],"21":[7,0],"22":[18,18],"23":[7,11],"24":[7,0],"25":[7,11],"26":[7,0],"27":[7,11],"28":[7,0],"29":[7,0],"30":[18,0],"31":[0,18],"32":[1,0]}}
,"/Users/wuyueyan/team-code-cruise/backend/src/shared/eventBus.ts": {"path":"/Users/wuyueyan/team-code-cruise/backend/src/shared/eventBus.ts","statementMap":{"0":{"start":{"line":4,"column":17},"end":{"line":4,"column":53}},"1":{"start":{"line":7,"column":21},"end":{"line":7,"column":41}},"2":{"start":{"line":8,"column":4},"end":{"line":8,"column":25}},"3":{"start":{"line":8,"column":19},"end":{"line":8,"column":25}},"4":{"start":{"line":9,"column":4},"end":{"line":9,"column":null}},"5":{"start":{"line":9,"column":36},"end":{"line":9,"column":null}},"6":{"start":{"line":13,"column":4},"end":{"line":13,"column":null}},"7":{"start":{"line":13,"column":31},"end":{"line":13,"column":null}},"8":{"start":{"line":14,"column":4},"end":{"line":14,"column":null}},"9":{"start":{"line":15,"column":4},"end":{"line":15,"column":null}},"10":{"start":{"line":15,"column":17},"end":{"line":15,"column":70}},"11":{"start":{"line":19,"column":13},"end":{"line":19,"column":null}}},"fnMap":{"0":{"name":"(anonymous_0)","decl":{"start":{"line":6,"column":2},"end":{"line":6,"column":9}},"loc":{"start":{"line":6,"column":38},"end":{"line":10,"column":3}}},"1":{"name":"(anonymous_1)","decl":{"start":{"line":12,"column":2},"end":{"line":12,"column":11}},"loc":{"start":{"line":12,"column":54},"end":{"line":16,"column":3}}},"2":{"name":"(anonymous_2)","decl":{"start":{"line":15,"column":11},"end":{"line":15,"column":14}},"loc":{"start":{"line":15,"column":17},"end":{"line":15,"column":70}}}},"branchMap":{"0":{"loc":{"start":{"line":8,"column":4},"end":{"line":8,"column":25}},"type":"if","locations":[{"start":{"line":8,"column":4},"end":{"line":8,"column":25}}]},"1":{"loc":{"start":{"line":13,"column":4},"end":{"line":13,"column":null}},"type":"if","locations":[{"start":{"line":13,"column":4},"end":{"line":13,"column":null}}]}},"s":{"0":2,"1":0,"2":0,"3":0,"4":0,"5":0,"6":0,"7":0,"8":0,"9":0,"10":0,"11":2},"f":{"0":0,"1":0,"2":0},"b":{"0":[0],"1":[0]}}
,"/Users/wuyueyan/team-code-cruise/backend/src/shared/pricing.service.ts": {"path":"/Users/wuyueyan/team-code-cruise/backend/src/shared/pricing.service.ts","statementMap":{"0":{"start":{"line":5,"column":4},"end":{"line":5,"column":null}},"1":{"start":{"line":9,"column":4},"end":{"line":9,"column":null}},"2":{"start":{"line":13,"column":17},"end":{"line":13,"column":44}},"3":{"start":{"line":14,"column":18},"end":{"line":14,"column":57}},"4":{"start":{"line":15,"column":19},"end":{"line":15,"column":43}},"5":{"start":{"line":16,"column":4},"end":{"line":16,"column":null}},"6":{"start":{"line":20,"column":21},"end":{"line":20,"column":61}},"7":{"start":{"line":21,"column":23},"end":{"line":21,"column":57}},"8":{"start":{"line":22,"column":4},"end":{"line":25,"column":null}},"9":{"start":{"line":3,"column":0},"end":{"line":3,"column":13}}},"fnMap":{"0":{"name":"(anonymous_0)","decl":{"start":{"line":4,"column":2},"end":{"line":4,"column":8}},"loc":{"start":{"line":4,"column":48},"end":{"line":6,"column":3}}},"1":{"name":"(anonymous_1)","decl":{"start":{"line":8,"column":2},"end":{"line":8,"column":8}},"loc":{"start":{"line":8,"column":44},"end":{"line":10,"column":3}}},"2":{"name":"(anonymous_2)","decl":{"start":{"line":12,"column":2},"end":{"line":12,"column":8}},"loc":{"start":{"line":12,"column":59},"end":{"line":17,"column":3}}},"3":{"name":"(anonymous_3)","decl":{"start":{"line":19,"column":2},"end":{"line":19,"column":8}},"loc":{"start":{"line":19,"column":58},"end":{"line":26,"column":3}}}},"branchMap":{},"s":{"0":0,"1":0,"2":0,"3":0,"4":0,"5":0,"6":0,"7":0,"8":0,"9":1},"f":{"0":0,"1":0,"2":0,"3":0},"b":{}}
,"/Users/wuyueyan/team-code-cruise/backend/src/workbench/memoryDb.ts": {"path":"/Users/wuyueyan/team-code-cruise/backend/src/workbench/memoryDb.ts","statementMap":{"0":{"start":{"line":100,"column":0},"end":{"line":100,"column":16}},"1":{"start":{"line":120,"column":0},"end":{"line":120,"column":16}},"2":{"start":{"line":125,"column":0},"end":{"line":125,"column":16}},"3":{"start":{"line":138,"column":0},"end":{"line":138,"column":16}},"4":{"start":{"line":1,"column":0},"end":{"line":1,"column":40}},"5":{"start":{"line":2,"column":0},"end":{"line":2,"column":29}},"6":{"start":{"line":98,"column":32},"end":{"line":98,"column":36}},"7":{"start":{"line":101,"column":2},"end":{"line":114,"column":3}},"8":{"start":{"line":102,"column":4},"end":{"line":111,"column":null}},"9":{"start":{"line":113,"column":4},"end":{"line":113,"column":null}},"10":{"start":{"line":116,"column":2},"end":{"line":116,"column":null}},"11":{"start":{"line":116,"column":12},"end":{"line":116,"column":null}},"12":{"start":{"line":117,"column":2},"end":{"line":117,"column":null}},"13":{"start":{"line":121,"column":2},"end":{"line":121,"column":null}},"14":{"start":{"line":121,"column":17},"end":{"line":121,"column":null}},"15":{"start":{"line":122,"column":2},"end":{"line":122,"column":null}},"16":{"start":{"line":126,"column":2},"end":{"line":126,"column":23}},"17":{"start":{"line":126,"column":17},"end":{"line":126,"column":23}},"18":{"start":{"line":127,"column":2},"end":{"line":127,"column":null}},"19":{"start":{"line":128,"column":2},"end":{"line":128,"column":null}},"20":{"start":{"line":129,"column":2},"end":{"line":129,"column":null}},"21":{"start":{"line":130,"column":2},"end":{"line":130,"column":null}},"22":{"start":{"line":131,"column":2},"end":{"line":131,"column":null}},"23":{"start":{"line":132,"column":2},"end":{"line":132,"column":null}},"24":{"start":{"line":133,"column":2},"end":{"line":133,"column":null}},"25":{"start":{"line":134,"column":2},"end":{"line":134,"column":null}},"26":{"start":{"line":135,"column":2},"end":{"line":135,"column":null}},"27":{"start":{"line":135,"column":12},"end":{"line":135,"column":null}},"28":{"start":{"line":139,"column":2},"end":{"line":139,"column":null}},"29":{"start":{"line":139,"column":17},"end":{"line":139,"column":null}},"30":{"start":{"line":142,"column":18},"end":{"line":142,"column":30}},"31":{"start":{"line":143,"column":23},"end":{"line":143,"column":54}},"32":{"start":{"line":144,"column":2},"end":{"line":151,"column":null}},"33":{"start":{"line":154,"column":18},"end":{"line":185,"column":null}},"34":{"start":{"line":187,"column":2},"end":{"line":213,"column":null}},"35":{"start":{"line":188,"column":21},"end":{"line":188,"column":33}},"36":{"start":{"line":189,"column":22},"end":{"line":189,"column":34}},"37":{"start":{"line":191,"column":4},"end":{"line":197,"column":null}},"38":{"start":{"line":199,"column":4},"end":{"line":206,"column":null}},"39":{"start":{"line":208,"column":4},"end":{"line":212,"column":null}}},"fnMap":{"0":{"name":"initMemoryDb","decl":{"start":{"line":100,"column":16},"end":{"line":100,"column":28}},"loc":{"start":{"line":100,"column":49},"end":{"line":118,"column":1}}},"1":{"name":"getMemoryDb","decl":{"start":{"line":120,"column":16},"end":{"line":120,"column":27}},"loc":{"start":{"line":120,"column":27},"end":{"line":123,"column":1}}},"2":{"name":"resetMemoryDb","decl":{"start":{"line":125,"column":16},"end":{"line":125,"column":29}},"loc":{"start":{"line":125,"column":50},"end":{"line":136,"column":1}}},"3":{"name":"seedMemoryDb","decl":{"start":{"line":138,"column":16},"end":{"line":138,"column":28}},"loc":{"start":{"line":138,"column":28},"end":{"line":214,"column":1}}},"4":{"name":"(anonymous_5)","decl":{"start":{"line":187,"column":18},"end":{"line":187,"column":19}},"loc":{"start":{"line":187,"column":58},"end":{"line":213,"column":3}}}},"branchMap":{"0":{"loc":{"start":{"line":100,"column":29},"end":{"line":100,"column":49}},"type":"default-arg","locations":[{"start":{"line":100,"column":47},"end":{"line":100,"column":49}}]},"1":{"loc":{"start":{"line":100,"column":31},"end":{"line":100,"column":42}},"type":"default-arg","locations":[{"start":{"line":100,"column":38},"end":{"line":100,"column":42}}]},"2":{"loc":{"start":{"line":101,"column":2},"end":{"line":114,"column":3}},"type":"if","locations":[{"start":{"line":101,"column":2},"end":{"line":114,"column":3}},{"start":{"line":112,"column":9},"end":{"line":114,"column":3}}]},"3":{"loc":{"start":{"line":116,"column":2},"end":{"line":116,"column":null}},"type":"if","locations":[{"start":{"line":116,"column":2},"end":{"line":116,"column":null}}]},"4":{"loc":{"start":{"line":121,"column":2},"end":{"line":121,"column":null}},"type":"if","locations":[{"start":{"line":121,"column":2},"end":{"line":121,"column":null}}]},"5":{"loc":{"start":{"line":125,"column":30},"end":{"line":125,"column":50}},"type":"default-arg","locations":[{"start":{"line":125,"column":48},"end":{"line":125,"column":50}}]},"6":{"loc":{"start":{"line":125,"column":32},"end":{"line":125,"column":43}},"type":"default-arg","locations":[{"start":{"line":125,"column":39},"end":{"line":125,"column":43}}]},"7":{"loc":{"start":{"line":126,"column":2},"end":{"line":126,"column":23}},"type":"if","locations":[{"start":{"line":126,"column":2},"end":{"line":126,"column":23}}]},"8":{"loc":{"start":{"line":135,"column":2},"end":{"line":135,"column":null}},"type":"if","locations":[{"start":{"line":135,"column":2},"end":{"line":135,"column":null}}]},"9":{"loc":{"start":{"line":139,"column":2},"end":{"line":139,"column":null}},"type":"if","locations":[{"start":{"line":139,"column":2},"end":{"line":139,"column":null}}]}},"s":{"0":2,"1":2,"2":2,"3":2,"4":2,"5":2,"6":2,"7":13,"8":1,"9":12,"10":13,"11":13,"12":13,"13":50,"14":0,"15":50,"16":25,"17":0,"18":25,"19":25,"20":25,"21":25,"22":25,"23":25,"24":25,"25":25,"26":25,"27":13,"28":26,"29":0,"30":26,"31":26,"32":26,"33":26,"34":26,"35":130,"36":130,"37":130,"38":130,"39":130},"f":{"0":13,"1":50,"2":25,"3":26,"4":130},"b":{"0":[0],"1":[0],"2":[1,12],"3":[13],"4":[0],"5":[0],"6":[0],"7":[0],"8":[13],"9":[0]}}
,"/Users/wuyueyan/team-code-cruise/backend/src/workbench/prisma.ts": {"path":"/Users/wuyueyan/team-code-cruise/backend/src/workbench/prisma.ts","statementMap":{"0":{"start":{"line":1,"column":0},"end":{"line":1,"column":45}},"1":{"start":{"line":3,"column":13},"end":{"line":3,"column":null}}},"fnMap":{},"branchMap":{},"s":{"0":2,"1":2},"f":{},"b":{}}
,"/Users/wuyueyan/team-code-cruise/backend/src/workbench/quoteStore.ts": {"path":"/Users/wuyueyan/team-code-cruise/backend/src/workbench/quoteStore.ts","statementMap":{"0":{"start":{"line":18,"column":19},"end":{"line":18,"column":49}},"1":{"start":{"line":21,"column":4},"end":{"line":21,"column":null}},"2":{"start":{"line":22,"column":4},"end":{"line":22,"column":null}},"3":{"start":{"line":26,"column":4},"end":{"line":26,"column":null}},"4":{"start":{"line":27,"column":4},"end":{"line":27,"column":null}},"5":{"start":{"line":31,"column":4},"end":{"line":31,"column":null}},"6":{"start":{"line":35,"column":4},"end":{"line":35,"column":null}},"7":{"start":{"line":39,"column":16},"end":{"line":39,"column":26}},"8":{"start":{"line":40,"column":4},"end":{"line":42,"column":5}},"9":{"start":{"line":41,"column":6},"end":{"line":41,"column":null}},"10":{"start":{"line":41,"column":44},"end":{"line":41,"column":null}},"11":{"start":{"line":46,"column":13},"end":{"line":46,"column":null}}},"fnMap":{"0":{"name":"(anonymous_0)","decl":{"start":{"line":20,"column":2},"end":{"line":20,"column":7}},"loc":{"start":{"line":20,"column":32},"end":{"line":23,"column":3}}},"1":{"name":"(anonymous_1)","decl":{"start":{"line":25,"column":2},"end":{"line":25,"column":7}},"loc":{"start":{"line":25,"column":22},"end":{"line":28,"column":3}}},"2":{"name":"(anonymous_2)","decl":{"start":{"line":30,"column":2},"end":{"line":30,"column":7}},"loc":{"start":{"line":30,"column":25},"end":{"line":32,"column":3}}},"3":{"name":"(anonymous_3)","decl":{"start":{"line":34,"column":2},"end":{"line":34,"column":7}},"loc":{"start":{"line":34,"column":13},"end":{"line":36,"column":3}}},"4":{"name":"(anonymous_4)","decl":{"start":{"line":38,"column":10},"end":{"line":38,"column":17}},"loc":{"start":{"line":38,"column":17},"end":{"line":43,"column":3}}}},"branchMap":{"0":{"loc":{"start":{"line":41,"column":6},"end":{"line":41,"column":null}},"type":"if","locations":[{"start":{"line":41,"column":6},"end":{"line":41,"column":null}}]}},"s":{"0":1,"1":12,"2":12,"3":14,"4":14,"5":8,"6":26,"7":26,"8":26,"9":12,"10":0,"11":1},"f":{"0":12,"1":14,"2":8,"3":26,"4":26},"b":{"0":[0]}}
,"/Users/wuyueyan/team-code-cruise/backend/src/workbench/runtimeConfig.ts": {"path":"/Users/wuyueyan/team-code-cruise/backend/src/workbench/runtimeConfig.ts","statementMap":{"0":{"start":{"line":3,"column":0},"end":{"line":3,"column":16}},"1":{"start":{"line":7,"column":0},"end":{"line":7,"column":16}},"2":{"start":{"line":1,"column":13},"end":{"line":1,"column":null}},"3":{"start":{"line":4,"column":2},"end":{"line":4,"column":null}},"4":{"start":{"line":8,"column":2},"end":{"line":8,"column":null}}},"fnMap":{"0":{"name":"getDataMode","decl":{"start":{"line":3,"column":16},"end":{"line":3,"column":27}},"loc":{"start":{"line":3,"column":27},"end":{"line":5,"column":1}}},"1":{"name":"isMemoryMode","decl":{"start":{"line":7,"column":16},"end":{"line":7,"column":28}},"loc":{"start":{"line":7,"column":28},"end":{"line":9,"column":1}}}},"branchMap":{"0":{"loc":{"start":{"line":4,"column":9},"end":{"line":4,"column":99}},"type":"cond-expr","locations":[{"start":{"line":4,"column":72},"end":{"line":4,"column":88}},{"start":{"line":4,"column":91},"end":{"line":4,"column":99}}]}},"s":{"0":2,"1":2,"2":2,"3":4,"4":4},"f":{"0":4,"1":4},"b":{"0":[4,0]}}
}
