TN:
SF:src/ad/discount.service.ts
FN:18,(anonymous_0)
FN:40,(anonymous_1)
FN:62,(anonymous_2)
FN:88,(anonymous_3)
FN:93,httpError
FN:101,generateUlid
FN:108,encodeTime
FN:119,encodeRandom
FNF:8
FNH:8
FNDA:3,(anonymous_0)
FNDA:4,(anonymous_1)
FNDA:4,(anonymous_2)
FNDA:1,(anonymous_3)
FNDA:9,httpError
FNDA:2,generateUlid
FNDA:3,encodeTime
FNDA:3,encodeRandom
DA:1,2
DA:2,2
DA:3,2
DA:8,2
DA:9,2
DA:10,2
DA:17,2
DA:23,3
DA:24,2
DA:26,1
DA:27,1
DA:28,1
DA:36,1
DA:37,1
DA:45,4
DA:46,4
DA:47,4
DA:48,3
DA:49,1
DA:50,1
DA:52,2
DA:53,1
DA:55,1
DA:56,1
DA:57,1
DA:59,1
DA:67,4
DA:68,4
DA:69,4
DA:70,4
DA:71,1
DA:73,3
DA:74,1
DA:75,1
DA:77,2
DA:78,1
DA:80,1
DA:84,1
DA:85,1
DA:89,1
DA:94,9
DA:95,9
DA:96,9
DA:99,2
DA:102,2
DA:103,2
DA:104,2
DA:105,2
DA:109,3
DA:110,3
DA:111,3
DA:112,30
DA:113,30
DA:114,30
DA:116,3
DA:120,3
DA:121,3
DA:122,35
DA:123,35
DA:125,3
DA:128,2
LF:61
LH:61
BRDA:23,0,0,2
BRDA:23,1,0,3
BRDA:23,1,1,2
BRDA:43,2,0,2
BRDA:46,3,0,0
BRDA:47,4,0,1
BRDA:48,5,0,1
BRDA:52,6,0,1
BRDA:52,7,0,2
BRDA:52,7,1,2
BRDA:52,7,2,1
BRDA:55,8,0,1
BRDA:55,9,0,1
BRDA:55,9,1,1
BRDA:65,10,0,1
BRDA:68,11,0,0
BRDA:69,12,0,0
BRDA:70,13,0,1
BRDA:70,14,0,4
BRDA:70,14,1,2
BRDA:73,15,0,1
BRDA:77,16,0,1
BRDA:77,17,0,2
BRDA:77,17,1,1
BRDA:77,17,2,1
BRDA:93,18,0,0
BRF:26
BRH:22
end_of_record
TN:
SF:src/core/ride.service.ts
FN:9,badRequest
FN:15,forbidden
FN:22,(anonymous_2)
FN:95,(anonymous_3)
FN:102,(anonymous_4)
FN:111,(anonymous_5)
FN:115,(anonymous_6)
FN:122,(anonymous_7)
FNF:8
FNH:8
FNDA:5,badRequest
FNDA:2,forbidden
FNDA:13,(anonymous_2)
FNDA:4,(anonymous_3)
FNDA:1,(anonymous_4)
FNDA:1,(anonymous_5)
FNDA:2,(anonymous_6)
FNDA:1,(anonymous_7)
DA:1,1
DA:2,1
DA:3,1
DA:5,1
DA:6,1
DA:7,1
DA:10,5
DA:11,5
DA:12,5
DA:16,2
DA:17,2
DA:18,2
DA:21,1
DA:29,13
DA:30,13
DA:31,12
DA:32,12
DA:35,12
DA:37,12
DA:41,12
DA:43,11
DA:44,11
DA:46,11
DA:47,1
DA:49,10
DA:50,1
DA:52,9
DA:53,1
DA:56,8
DA:57,8
DA:59,8
DA:60,1
DA:63,1
DA:64,1
DA:65,1
DA:66,1
DA:70,8
DA:72,8
DA:84,8
DA:85,1
DA:91,8
DA:92,8
DA:96,4
DA:97,4
DA:98,4
DA:99,3
DA:103,1
DA:104,1
DA:105,1
DA:106,1
DA:107,1
DA:108,1
DA:112,1
DA:116,2
DA:117,2
DA:118,2
DA:119,1
DA:123,1
DA:124,1
DA:128,1
DA:129,1
LF:61
LH:61
BRDA:30,0,0,1
BRDA:31,1,0,0
BRDA:32,2,0,0
BRDA:32,3,0,12
BRDA:32,3,1,12
BRDA:37,4,0,12
BRDA:37,4,1,12
BRDA:37,4,2,12
BRDA:37,4,3,11
BRDA:41,5,0,1
BRDA:43,6,0,11
BRDA:43,6,1,8
BRDA:44,7,0,11
BRDA:44,7,1,8
BRDA:46,8,0,1
BRDA:46,9,0,11
BRDA:46,9,1,3
BRDA:49,10,0,1
BRDA:49,11,0,10
BRDA:49,11,1,2
BRDA:49,11,2,2
BRDA:52,12,0,1
BRDA:52,13,0,9
BRDA:52,13,1,8
BRDA:56,14,0,8
BRDA:56,14,1,8
BRDA:57,15,0,8
BRDA:57,15,1,8
BRDA:59,16,0,1
BRDA:64,17,0,1
BRDA:70,18,0,8
BRDA:70,18,1,7
BRDA:84,19,0,1
BRDA:97,20,0,0
BRDA:98,21,0,1
BRDA:104,22,0,0
BRDA:105,23,0,0
BRDA:107,24,0,1
BRDA:117,25,0,0
BRDA:118,26,0,1
BRDA:128,27,0,1
BRF:41
BRH:35
end_of_record
TN:
SF:src/repo/discountToken.repository.ts
FN:42,(anonymous_0)
FN:56,(anonymous_1)
FN:61,(anonymous_2)
FN:75,(anonymous_3)
FN:90,(anonymous_4)
FN:107,(anonymous_5)
FN:113,(anonymous_6)
FN:125,(anonymous_7)
FN:141,mapPrismaToken
FN:155,mapMemoryToken
FNF:10
FNH:0
FNDA:0,(anonymous_0)
FNDA:0,(anonymous_1)
FNDA:0,(anonymous_2)
FNDA:0,(anonymous_3)
FNDA:0,(anonymous_4)
FNDA:0,(anonymous_5)
FNDA:0,(anonymous_6)
FNDA:0,(anonymous_7)
FNDA:0,mapPrismaToken
FNDA:0,mapMemoryToken
DA:1,2
DA:2,2
DA:3,2
DA:4,2
DA:41,2
DA:43,0
DA:53,0
DA:57,0
DA:58,0
DA:62,0
DA:63,0
DA:64,0
DA:65,0
DA:66,0
DA:70,0
DA:72,0
DA:76,0
DA:85,0
DA:89,2
DA:91,0
DA:92,0
DA:103,0
DA:104,0
DA:108,0
DA:109,0
DA:110,0
DA:114,0
DA:115,0
DA:116,0
DA:117,0
DA:118,0
DA:119,0
DA:120,0
DA:122,0
DA:126,0
DA:127,0
DA:128,0
DA:129,0
DA:136,0
DA:137,0
DA:142,0
DA:156,0
DA:169,2
LF:43
LH:7
BRDA:58,0,0,0
BRDA:58,0,1,0
BRDA:63,1,0,0
BRDA:64,2,0,0
BRDA:65,3,0,0
BRDA:110,4,0,0
BRDA:110,4,1,0
BRDA:116,5,0,0
BRDA:117,6,0,0
BRDA:118,7,0,0
BRDA:128,8,0,0
BRDA:131,9,0,0
BRDA:131,9,1,0
BRDA:132,10,0,0
BRDA:132,10,1,0
BRDA:133,11,0,0
BRDA:133,11,1,0
BRDA:134,12,0,0
BRDA:134,12,1,0
BRDA:169,13,0,2
BRDA:169,13,1,0
BRF:21
BRH:1
end_of_record
TN:
SF:src/repo/driver.repository.ts
FN:18,getLocationStore
FN:24,(anonymous_1)
FN:31,(anonymous_2)
FN:40,(anonymous_3)
FN:43,(anonymous_4)
FN:52,(anonymous_5)
FN:59,(anonymous_6)
FN:66,(anonymous_7)
FN:75,(anonymous_8)
FN:78,(anonymous_9)
FN:93,(anonymous_10)
FN:99,computeNearby
FN:109,(anonymous_12)
FNF:13
FNH:1
FNDA:0,getLocationStore
FNDA:0,(anonymous_1)
FNDA:0,(anonymous_2)
FNDA:0,(anonymous_3)
FNDA:0,(anonymous_4)
FNDA:0,(anonymous_5)
FNDA:2,(anonymous_6)
FNDA:0,(anonymous_7)
FNDA:0,(anonymous_8)
FNDA:0,(anonymous_9)
FNDA:0,(anonymous_10)
FNDA:0,computeNearby
FNDA:0,(anonymous_12)
DA:1,1
DA:2,1
DA:3,1
DA:16,1
DA:19,0
DA:20,0
DA:23,1
DA:25,0
DA:26,0
DA:27,0
DA:28,0
DA:32,0
DA:33,0
DA:34,0
DA:35,0
DA:36,0
DA:37,0
DA:41,0
DA:42,0
DA:43,0
DA:49,0
DA:53,0
DA:54,0
DA:58,1
DA:60,2
DA:61,2
DA:62,2
DA:63,2
DA:67,0
DA:68,0
DA:69,0
DA:70,0
DA:71,0
DA:72,0
DA:76,0
DA:78,0
DA:86,0
DA:87,0
DA:90,0
DA:94,0
DA:95,0
DA:100,0
DA:101,0
DA:102,0
DA:103,0
DA:104,0
DA:105,0
DA:106,0
DA:107,0
DA:109,0
DA:110,0
DA:113,1
LF:52
LH:11
BRDA:19,0,0,0
BRDA:26,1,0,0
BRDA:26,1,1,0
BRDA:33,2,0,0
BRDA:33,2,1,0
BRDA:54,3,0,0
BRDA:54,3,1,0
BRDA:61,4,0,2
BRDA:61,4,1,0
BRDA:68,5,0,0
BRDA:68,5,1,0
BRDA:87,6,0,0
BRDA:95,7,0,0
BRDA:95,7,1,0
BRDA:103,8,0,0
BRDA:103,9,0,0
BRDA:103,9,1,0
BRDA:107,10,0,0
BRDA:113,11,0,1
BRDA:113,11,1,0
BRF:20
BRH:2
end_of_record
TN:
SF:src/repo/ride.repository.ts
FN:86,(anonymous_0)
FN:126,(anonymous_1)
FN:174,(anonymous_2)
FN:184,(anonymous_3)
FN:219,(anonymous_4)
FN:244,(anonymous_5)
FN:250,(anonymous_6)
FN:262,(anonymous_7)
FN:270,(anonymous_8)
FN:271,(anonymous_9)
FN:277,mapPrismaRide
FN:320,mapMemoryRide
FN:324,(anonymous_12)
FNF:13
FNH:4
FNDA:0,(anonymous_0)
FNDA:0,(anonymous_1)
FNDA:0,(anonymous_2)
FNDA:0,(anonymous_3)
FNDA:8,(anonymous_4)
FNDA:6,(anonymous_5)
FNDA:4,(anonymous_6)
FNDA:0,(anonymous_7)
FNDA:0,(anonymous_8)
FNDA:0,(anonymous_9)
FNDA:0,mapPrismaRide
FNDA:18,mapMemoryRide
FNDA:0,(anonymous_12)
DA:1,1
DA:2,1
DA:3,1
DA:5,1
DA:6,1
DA:85,1
DA:87,0
DA:123,0
DA:127,0
DA:170,0
DA:171,0
DA:175,0
DA:179,0
DA:180,0
DA:181,0
DA:185,0
DA:213,0
DA:214,0
DA:218,1
DA:220,8
DA:221,8
DA:222,8
DA:240,8
DA:241,8
DA:245,6
DA:246,6
DA:247,6
DA:251,4
DA:252,4
DA:253,4
DA:254,4
DA:259,4
DA:263,0
DA:264,0
DA:269,0
DA:270,0
DA:271,0
DA:272,0
DA:273,0
DA:278,0
DA:321,18
DA:322,18
DA:323,18
DA:324,18
DA:327,18
DA:328,18
DA:330,18
DA:381,1
LF:48
LH:28
BRDA:97,0,0,0
BRDA:97,0,1,0
BRDA:98,1,0,0
BRDA:98,1,1,0
BRDA:99,2,0,0
BRDA:99,2,1,0
BRDA:170,3,0,0
BRDA:180,4,0,0
BRDA:213,5,0,0
BRDA:232,6,0,8
BRDA:232,6,1,7
BRDA:233,7,0,8
BRDA:233,7,1,7
BRDA:234,8,0,8
BRDA:234,8,1,7
BRDA:247,9,0,6
BRDA:247,9,1,0
BRDA:253,10,0,0
BRDA:270,11,0,0
BRDA:270,11,1,0
BRDA:273,12,0,0
BRDA:273,12,1,0
BRDA:294,13,0,0
BRDA:294,13,1,0
BRDA:298,14,0,0
BRDA:298,14,1,0
BRDA:299,15,0,0
BRDA:299,15,1,0
BRDA:302,16,0,0
BRDA:302,16,1,0
BRDA:307,17,0,0
BRDA:307,17,1,0
BRDA:310,18,0,0
BRDA:310,18,1,0
BRDA:322,19,0,18
BRDA:322,19,1,0
BRDA:323,20,0,7
BRDA:323,20,1,11
BRDA:323,21,0,7
BRDA:323,21,1,0
BRDA:324,22,0,18
BRDA:324,22,1,18
BRDA:327,23,0,7
BRDA:327,23,1,11
BRDA:327,24,0,7
BRDA:327,24,1,0
BRDA:328,25,0,7
BRDA:328,25,1,11
BRDA:328,26,0,7
BRDA:328,26,1,0
BRDA:346,27,0,7
BRDA:346,27,1,11
BRDA:352,28,0,7
BRDA:352,28,1,0
BRDA:360,29,0,7
BRDA:360,29,1,0
BRDA:363,30,0,18
BRDA:363,30,1,0
BRDA:371,31,0,0
BRDA:371,31,1,18
BRDA:381,32,0,1
BRDA:381,32,1,0
BRF:62
BRH:26
end_of_record
TN:
SF:src/shared/eventBus.ts
FN:6,(anonymous_0)
FN:12,(anonymous_1)
FN:15,(anonymous_2)
FNF:3
FNH:0
FNDA:0,(anonymous_0)
FNDA:0,(anonymous_1)
FNDA:0,(anonymous_2)
DA:4,2
DA:7,0
DA:8,0
DA:9,0
DA:13,0
DA:14,0
DA:15,0
DA:19,2
LF:8
LH:2
BRDA:8,0,0,0
BRDA:13,1,0,0
BRF:2
BRH:0
end_of_record
TN:
SF:src/shared/pricing.service.ts
FN:4,(anonymous_0)
FN:8,(anonymous_1)
FN:12,(anonymous_2)
FN:19,(anonymous_3)
FNF:4
FNH:0
FNDA:0,(anonymous_0)
FNDA:0,(anonymous_1)
FNDA:0,(anonymous_2)
FNDA:0,(anonymous_3)
DA:3,1
DA:5,0
DA:9,0
DA:13,0
DA:14,0
DA:15,0
DA:16,0
DA:20,0
DA:21,0
DA:22,0
LF:10
LH:1
BRF:0
BRH:0
end_of_record
TN:
SF:src/workbench/memoryDb.ts
FN:100,initMemoryDb
FN:120,getMemoryDb
FN:125,resetMemoryDb
FN:138,seedMemoryDb
FN:187,(anonymous_5)
FNF:5
FNH:5
FNDA:13,initMemoryDb
FNDA:50,getMemoryDb
FNDA:25,resetMemoryDb
FNDA:26,seedMemoryDb
FNDA:130,(anonymous_5)
DA:1,2
DA:2,2
DA:98,2
DA:100,2
DA:101,13
DA:102,1
DA:113,12
DA:116,13
DA:117,13
DA:120,2
DA:121,50
DA:122,50
DA:125,2
DA:126,25
DA:127,25
DA:128,25
DA:129,25
DA:130,25
DA:131,25
DA:132,25
DA:133,25
DA:134,25
DA:135,25
DA:138,2
DA:139,26
DA:142,26
DA:143,26
DA:144,26
DA:154,26
DA:187,26
DA:188,130
DA:189,130
DA:191,130
DA:199,130
DA:208,130
LF:35
LH:35
BRDA:100,0,0,0
BRDA:100,1,0,0
BRDA:101,2,0,1
BRDA:101,2,1,12
BRDA:116,3,0,13
BRDA:121,4,0,0
BRDA:125,5,0,0
BRDA:125,6,0,0
BRDA:126,7,0,0
BRDA:135,8,0,13
BRDA:139,9,0,0
BRF:11
BRH:4
end_of_record
TN:
SF:src/workbench/prisma.ts
FNF:0
FNH:0
DA:1,2
DA:3,2
LF:2
LH:2
BRF:0
BRH:0
end_of_record
TN:
SF:src/workbench/quoteStore.ts
FN:20,(anonymous_0)
FN:25,(anonymous_1)
FN:30,(anonymous_2)
FN:34,(anonymous_3)
FN:38,(anonymous_4)
FNF:5
FNH:5
FNDA:12,(anonymous_0)
FNDA:14,(anonymous_1)
FNDA:8,(anonymous_2)
FNDA:26,(anonymous_3)
FNDA:26,(anonymous_4)
DA:18,1
DA:21,12
DA:22,12
DA:26,14
DA:27,14
DA:31,8
DA:35,26
DA:39,26
DA:40,26
DA:41,12
DA:46,1
LF:11
LH:11
BRDA:41,0,0,0
BRF:1
BRH:0
end_of_record
TN:
SF:src/workbench/runtimeConfig.ts
FN:3,getDataMode
FN:7,isMemoryMode
FNF:2
FNH:2
FNDA:4,getDataMode
FNDA:4,isMemoryMode
DA:1,2
DA:3,2
DA:4,4
DA:7,2
DA:8,4
LF:5
LH:5
BRDA:4,0,0,4
BRDA:4,0,1,0
BRF:2
BRH:1
end_of_record
